Accepted Range of orders for each territory : 8071.04 8920.62
Accepted Range of customers for each territory : 26276.2 29042.1
Centroid 1 at node 1: 1 3 36 40 43 52 58 63 68 69 75 78 79 84 94 96 100 
1 - Orders 	= 8754
2 - Customers 	= 28087
3 - Radius 	= 236.854
4 - Distant 	= 1392.33
Centroid 2 at node 99: 2 6 12 22 23 26 47 50 51 61 66 81 83 86 87 93 99 
1 - Orders 	= 8750
2 - Customers 	= 28378
3 - Radius 	= 97.1266
4 - Distant 	= 711.169
Centroid 3 at node 77: 4 8 14 32 37 44 46 48 49 62 70 72 74 77 85 92 
1 - Orders 	= 8096
2 - Customers 	= 26651
3 - Radius 	= 178.029
4 - Distant 	= 1177.23
Centroid 4 at node 90: 5 7 20 27 29 31 38 45 55 56 60 73 82 88 89 90 91 
1 - Orders 	= 8649
2 - Customers 	= 28254
3 - Radius 	= 202.052
4 - Distant 	= 1507.82
Centroid 5 at node 67: 9 10 15 16 18 19 24 25 33 34 39 53 64 67 76 95 97 
1 - Orders 	= 8653
2 - Customers 	= 27961
3 - Radius 	= 166.39
4 - Distant 	= 1309.69
Centroid 6 at node 98: 11 13 17 21 28 30 35 41 42 54 57 59 65 71 80 98 
1 - Orders 	= 8073
2 - Customers 	= 26624
3 - Radius 	= 131.349
4 - Distant 	= 1166.02
7264.25 - 0 - 27.6027
