Accepted Range of orders for each territory : 6869.18 7592.25
Accepted Range of customers for each territory : 22363.4 24717.5
Centroid 1 at node 94: 1 3 4 7 11 14 18 48 58 80 82 94 96 97 99 100 105 
1 - Orders 	= 7168
2 - Customers 	= 23861
3 - Radius 	= 179.892
4 - Distant 	= 1345.75
Centroid 2 at node 118: 2 5 12 16 29 32 33 36 46 61 71 72 84 88 91 95 118 
1 - Orders 	= 7232
2 - Customers 	= 23180
3 - Radius 	= 135.699
4 - Distant 	= 1013.65
Centroid 3 at node 115: 6 10 21 27 28 38 39 40 45 50 51 52 64 66 89 93 104 115 
1 - Orders 	= 7610
2 - Customers 	= 24567
3 - Radius 	= 155.484
4 - Distant 	= 1456.34
Centroid 4 at node 120: 8 23 25 35 41 43 49 55 69 77 86 102 106 107 119 120 
1 - Orders 	= 6865
2 - Customers 	= 22301
3 - Radius 	= 125.604
4 - Distant 	= 837.119
Centroid 5 at node 114: 9 13 37 42 53 54 56 59 67 68 74 76 85 92 103 114 117 
1 - Orders 	= 7092
2 - Customers 	= 22770
3 - Radius 	= 147.259
4 - Distant 	= 1294.17
Centroid 6 at node 98: 15 19 24 30 31 34 47 57 60 65 70 78 79 98 108 109 110 116 
1 - Orders 	= 7597
2 - Customers 	= 25007
3 - Radius 	= 247.696
4 - Distant 	= 1388.09
Centroid 7 at node 101: 17 20 22 26 44 62 63 73 75 81 83 87 90 101 111 112 113 
1 - Orders 	= 7051
2 - Customers 	= 23097
3 - Radius 	= 161.531
4 - Distant 	= 1531.28
8866.4 - 3 - 32.2177
