Accepted Range of orders for each territory : 8124.08 8979.25
Accepted Range of customers for each territory : 26206.9 28965.5
Centroid 1 at node 79: 1 3 9 11 13 27 53 57 75 76 78 79 80 92 95 96 97 
1 - Orders 	= 8756
2 - Customers 	= 28092
3 - Radius 	= 166.379
4 - Distant 	= 1388.65
Centroid 2 at node 44: 2 6 7 8 12 30 36 41 42 44 62 64 65 69 71 84 91 
1 - Orders 	= 8706
2 - Customers 	= 28144
3 - Radius 	= 124.543
4 - Distant 	= 1109.5
Centroid 3 at node 73: 4 10 19 31 32 37 40 45 47 55 56 66 68 73 85 98 
1 - Orders 	= 8131
2 - Customers 	= 26437
3 - Radius 	= 149.477
4 - Distant 	= 1191.85
Centroid 4 at node 72: 5 18 28 33 34 38 43 54 58 61 70 72 81 87 88 90 
1 - Orders 	= 8170
2 - Customers 	= 26445
3 - Radius 	= 134.394
4 - Distant 	= 1293.14
Centroid 5 at node 39: 14 15 16 17 21 22 23 24 25 26 29 39 60 63 77 94 100 
1 - Orders 	= 8887
2 - Customers 	= 28724
3 - Radius 	= 123.746
4 - Distant 	= 1247
Centroid 6 at node 89: 20 35 46 48 49 50 51 52 59 67 74 82 83 86 89 93 99 
1 - Orders 	= 8660
2 - Customers 	= 27675
3 - Radius 	= 166.361
4 - Distant 	= 1145.96
7376.11 - 0 - 39.8999
