Accepted Range of orders for each territory : 8052.83 8900.5
Accepted Range of customers for each territory : 26301.7 29070.3
Centroid 1 at node 1: 1 18 23 24 27 43 52 55 73 74 76 78 80 90 96 97 
1 - Orders 	= 8202
2 - Customers 	= 26919
3 - Radius 	= 122.2
4 - Distant 	= 1028.55
Centroid 2 at node 87: 2 4 14 16 25 31 36 46 47 49 56 57 61 64 68 87 98 
1 - Orders 	= 8523
2 - Customers 	= 27927
3 - Radius 	= 101.74
4 - Distant 	= 1095.52
Centroid 3 at node 12: 3 11 12 13 20 28 42 44 50 51 60 69 77 81 86 89 91 
1 - Orders 	= 8648
2 - Customers 	= 28354
3 - Radius 	= 159.636
4 - Distant 	= 1525.27
Centroid 4 at node 99: 5 6 15 21 22 29 38 39 40 67 70 72 83 88 92 99 
1 - Orders 	= 8190
2 - Customers 	= 26847
3 - Radius 	= 216.958
4 - Distant 	= 1712.22
Centroid 5 at node 54: 7 9 10 17 26 33 35 45 48 53 54 66 75 85 93 95 100 
1 - Orders 	= 8747
2 - Customers 	= 27859
3 - Radius 	= 160.327
4 - Distant 	= 1197.14
Centroid 6 at node 37: 8 19 30 32 34 37 41 58 59 62 63 65 71 79 82 84 94 
1 - Orders 	= 8550
2 - Customers 	= 28210
3 - Radius 	= 171.433
4 - Distant 	= 1351.63
7910.33 - 0 - 32.8142
