Accepted Range of orders for each territory : 8081.97 8932.7
Accepted Range of customers for each territory : 26293 29060.7
Centroid 1 at node 83: 1 16 17 19 24 27 30 37 57 61 65 74 75 76 83 84 85 
1 - Orders 	= 8749
2 - Customers 	= 28224
3 - Radius 	= 126.304
4 - Distant 	= 1161.55
Centroid 2 at node 98: 2 6 10 11 26 31 36 39 49 54 58 67 79 81 88 89 98 
1 - Orders 	= 8662
2 - Customers 	= 28073
3 - Radius 	= 169.229
4 - Distant 	= 1664.49
Centroid 3 at node 12: 3 12 21 22 23 33 44 46 60 62 69 72 80 87 91 95 
1 - Orders 	= 8218
2 - Customers 	= 27012
3 - Radius 	= 163.237
4 - Distant 	= 1262.62
Centroid 4 at node 92: 4 5 25 28 34 41 42 45 52 56 63 70 77 92 96 97 99 
1 - Orders 	= 8720
2 - Customers 	= 28150
3 - Radius 	= 176.954
4 - Distant 	= 1509.72
Centroid 5 at node 7: 7 8 14 18 20 35 40 43 47 48 53 55 59 66 82 86 90 
1 - Orders 	= 8518
2 - Customers 	= 27768
3 - Radius 	= 159.663
4 - Distant 	= 1216.46
Centroid 6 at node 9: 9 13 15 29 32 38 50 51 64 68 71 73 78 93 94 100 
1 - Orders 	= 8177
2 - Customers 	= 26834
3 - Radius 	= 177.22
4 - Distant 	= 1498.19
8313.02 - 0 - 42.2171
