Accepted Range of orders for each territory : 8091.15 8942.85
Accepted Range of customers for each territory : 26023.3 28762.7
Centroid 1 at node 50: 1 8 13 25 30 37 49 50 53 64 65 69 72 81 82 92 97 
1 - Orders 	= 8737
2 - Customers 	= 27961
3 - Radius 	= 114.428
4 - Distant 	= 1047.08
Centroid 2 at node 28: 2 4 18 24 26 28 32 35 40 42 43 58 68 75 83 93 
1 - Orders 	= 8212
2 - Customers 	= 26319
3 - Radius 	= 133.373
4 - Distant 	= 1151.49
Centroid 3 at node 56: 3 9 11 16 22 41 45 52 56 59 63 73 77 84 87 88 99 
1 - Orders 	= 8491
2 - Customers 	= 27824
3 - Radius 	= 180.833
4 - Distant 	= 1534.9
Centroid 4 at node 91: 5 15 31 38 44 46 60 62 70 74 78 79 90 91 95 98 100 
1 - Orders 	= 8722
2 - Customers 	= 28275
3 - Radius 	= 248.011
4 - Distant 	= 1526.16
Centroid 5 at node 29: 6 12 14 19 21 27 29 34 39 47 57 61 66 67 76 86 94 
1 - Orders 	= 8700
2 - Customers 	= 27505
3 - Radius 	= 156.768
4 - Distant 	= 1476.63
Centroid 6 at node 80: 7 10 17 20 23 33 36 48 51 54 55 71 80 85 89 96 
1 - Orders 	= 8240
2 - Customers 	= 26474
3 - Radius 	= 165.477
4 - Distant 	= 1437.77
8174.03 - 0 - 29.6625
