Accepted Range of orders for each territory : 12072.4 13343.1
Accepted Range of customers for each territory : 39403.6 43551.4
Centroid 1 at node 30: 1 6 17 20 27 30 33 39 40 41 42 44 46 48 57 
1 - Orders 	= 12793
2 - Customers 	= 41350
3 - Radius 	= 260.797
4 - Distant 	= 1676.45
Centroid 2 at node 53: 2 4 21 26 29 34 36 37 38 43 50 53 54 58 60 
1 - Orders 	= 12559
2 - Customers 	= 41640
3 - Radius 	= 147.994
4 - Distant 	= 1249.64
Centroid 3 at node 59: 3 5 10 11 13 14 15 16 24 25 31 45 47 52 59 
1 - Orders 	= 12831
2 - Customers 	= 41784
3 - Radius 	= 143.459
4 - Distant 	= 1427.12
Centroid 4 at node 32: 7 8 9 12 18 19 22 23 28 32 35 49 51 55 56 
1 - Orders 	= 12648
2 - Customers 	= 41136
3 - Radius 	= 226.565
4 - Distant 	= 1408.28
5761.49 - 0 - 19.8827
