Accepted Range of orders for each territory : 12025.6 13291.4
Accepted Range of customers for each territory : 39174.4 43298.1
Centroid 1 at node 1: 1 2 4 5 7 9 20 28 32 34 36 45 47 53 60 
1 - Orders 	= 12657
2 - Customers 	= 41174
3 - Radius 	= 134.008
4 - Distant 	= 1103.6
Centroid 2 at node 14: 3 14 15 24 25 29 31 42 44 49 50 54 55 56 59 
1 - Orders 	= 12613
2 - Customers 	= 41451
3 - Radius 	= 309.311
4 - Distant 	= 1963.04
Centroid 3 at node 57: 6 8 10 13 16 17 18 21 35 37 48 51 52 57 58 
1 - Orders 	= 12777
2 - Customers 	= 41371
3 - Radius 	= 207.771
4 - Distant 	= 1659.87
Centroid 4 at node 38: 11 12 19 22 23 26 27 30 33 38 39 40 41 43 46 
1 - Orders 	= 12587
2 - Customers 	= 40949
3 - Radius 	= 185.799
4 - Distant 	= 1325.29
6051.81 - 0 - 17.6089
