Accepted Range of orders for each territory : 12127 13403.5
Accepted Range of customers for each territory : 39387 43533
Centroid 1 at node 47: 1 6 13 16 22 23 32 38 44 47 51 54 56 60 
1 - Orders 	= 11954
2 - Customers 	= 39344
3 - Radius 	= 195.334
4 - Distant 	= 1544.3
Centroid 2 at node 5: 2 3 5 9 12 17 19 28 29 30 33 36 43 50 53 
1 - Orders 	= 12826
2 - Customers 	= 41329
3 - Radius 	= 147.115
4 - Distant 	= 1234.33
Centroid 3 at node 26: 4 21 25 26 31 37 40 42 45 46 48 49 55 58 59 
1 - Orders 	= 12872
2 - Customers 	= 42055
3 - Radius 	= 159.464
4 - Distant 	= 1485.55
Centroid 4 at node 41: 7 8 10 11 14 15 18 20 24 27 34 35 39 41 52 57 
1 - Orders 	= 13409
2 - Customers 	= 43112
3 - Radius 	= 226.533
4 - Distant 	= 2242.73
6506.91 - 2 - 25.8529
