Accepted Range of orders for each territory : 12074.5 13345.5
Accepted Range of customers for each territory : 39041.9 43151.6
Centroid 1 at node 20: 1 5 15 20 25 31 33 36 39 44 45 46 48 49 55 
1 - Orders 	= 12822
2 - Customers 	= 40893
3 - Radius 	= 233.466
4 - Distant 	= 1969.34
Centroid 2 at node 2: 2 8 10 14 16 24 26 27 30 32 35 47 50 56 57 
1 - Orders 	= 12748
2 - Customers 	= 41282
3 - Radius 	= 215.495
4 - Distant 	= 1539.45
Centroid 3 at node 22: 3 6 7 12 13 17 22 29 34 37 51 52 54 59 60 
1 - Orders 	= 12755
2 - Customers 	= 41123
3 - Radius 	= 165.369
4 - Distant 	= 1553.02
Centroid 4 at node 58: 4 9 11 18 19 21 23 28 38 40 41 42 43 53 58 
1 - Orders 	= 12515
2 - Customers 	= 41089
3 - Radius 	= 268.754
4 - Distant 	= 1838.22
6900.04 - 0 - 23.1067
