Accepted Range of orders for each territory : 12117.2 13392.8
Accepted Range of customers for each territory : 39228.6 43357.9
Centroid 1 at node 5: 1 3 4 5 8 10 13 21 22 26 27 51 54 55 57 
1 - Orders 	= 12673
2 - Customers 	= 41449
3 - Radius 	= 194.093
4 - Distant 	= 1275.24
Centroid 2 at node 25: 2 11 12 14 17 18 19 20 23 25 31 33 36 39 50 
1 - Orders 	= 12826
2 - Customers 	= 41587
3 - Radius 	= 217.228
4 - Distant 	= 1522.09
Centroid 3 at node 60: 6 7 16 24 28 40 42 45 46 48 49 53 58 59 60 
1 - Orders 	= 12789
2 - Customers 	= 41251
3 - Radius 	= 258.753
4 - Distant 	= 1429.92
Centroid 4 at node 9: 9 15 29 30 32 34 35 37 38 41 43 44 47 52 56 
1 - Orders 	= 12732
2 - Customers 	= 40886
3 - Radius 	= 141.11
4 - Distant 	= 1369.99
5597.24 - 0 - 19.4684
