Accepted Range of orders for each territory : 12136.7 13414.3
Accepted Range of customers for each territory : 39165.2 43287.8
Centroid 1 at node 37: 1 15 17 18 21 26 30 32 36 37 42 52 54 58 59 
1 - Orders 	= 12732
2 - Customers 	= 40918
3 - Radius 	= 201.859
4 - Distant 	= 1306.12
Centroid 2 at node 38: 2 7 8 14 27 28 31 34 38 39 41 43 44 51 57 
1 - Orders 	= 12829
2 - Customers 	= 41684
3 - Radius 	= 192.964
4 - Distant 	= 1441.44
Centroid 3 at node 29: 3 6 9 11 13 23 24 25 29 33 45 47 49 55 56 
1 - Orders 	= 12893
2 - Customers 	= 41217
3 - Radius 	= 181.6
4 - Distant 	= 1419.75
Centroid 4 at node 19: 4 5 10 12 16 19 20 22 35 40 46 48 50 53 60 
1 - Orders 	= 12648
2 - Customers 	= 41087
3 - Radius 	= 155.956
4 - Distant 	= 1246.97
5414.28 - 0 - 24.1398
