Accepted Range of orders for each territory : 12013.5 13278
Accepted Range of customers for each territory : 38832 42919.5
Centroid 1 at node 60: 1 3 14 15 27 40 41 42 48 49 50 56 57 58 60 
1 - Orders 	= 12884
2 - Customers 	= 41064
3 - Radius 	= 203.467
4 - Distant 	= 1569.55
Centroid 2 at node 20: 2 6 11 18 19 20 22 29 31 33 34 35 37 44 55 
1 - Orders 	= 12606
2 - Customers 	= 41021
3 - Radius 	= 131.838
4 - Distant 	= 1308.15
Centroid 3 at node 38: 4 5 7 8 9 12 13 17 24 26 30 38 39 54 59 
1 - Orders 	= 12650
2 - Customers 	= 41169
3 - Radius 	= 226.083
4 - Distant 	= 1139.07
Centroid 4 at node 10: 10 16 21 23 25 28 32 36 43 45 46 47 51 52 53 
1 - Orders 	= 12443
2 - Customers 	= 40249
3 - Radius 	= 228.862
4 - Distant 	= 1311.55
5328.31 - 0 - 20.9536
