Accepted Range of orders for each territory : 12094.9 13368.1
Accepted Range of customers for each territory : 39446.4 43598.6
Centroid 1 at node 34: 1 3 6 15 18 26 32 34 36 38 44 46 49 51 52 
1 - Orders 	= 12612
2 - Customers 	= 41046
3 - Radius 	= 262.82
4 - Distant 	= 1838.77
Centroid 2 at node 13: 2 11 12 13 19 22 23 25 29 35 40 41 47 50 53 58 
1 - Orders 	= 13535
2 - Customers 	= 43930
3 - Radius 	= 196.631
4 - Distant 	= 1428.51
Centroid 3 at node 16: 4 5 7 8 16 20 21 27 28 43 54 55 57 59 60 
1 - Orders 	= 12907
2 - Customers 	= 41947
3 - Radius 	= 325.68
4 - Distant 	= 1652.19
Centroid 4 at node 30: 9 10 14 17 24 30 31 33 37 39 42 45 48 56 
1 - Orders 	= 11872
2 - Customers 	= 39167
3 - Radius 	= 211.604
4 - Distant 	= 1129.95
6049.41 - 2 - 16.7218
