Accepted Range of orders for each territory : 9680.69 10699.7
Accepted Range of customers for each territory : 31361.2 34662.4
Centroid 1 at node 3: 1 3 4 10 13 15 23 26 27 32 41 61 66 68 71 75 
1 - Orders 	= 10205
2 - Customers 	= 33250
3 - Radius 	= 154.935
4 - Distant 	= 1400.21
Centroid 2 at node 24: 2 18 24 28 30 31 37 39 43 44 56 57 58 62 80 
1 - Orders 	= 9682
2 - Customers 	= 31610
3 - Radius 	= 195.242
4 - Distant 	= 1278.06
Centroid 3 at node 64: 5 6 12 14 16 17 21 29 35 45 47 50 53 64 70 74 
1 - Orders 	= 10188
2 - Customers 	= 32938
3 - Radius 	= 145.751
4 - Distant 	= 1260.9
Centroid 4 at node 54: 7 9 19 33 40 42 48 49 51 52 54 55 59 60 65 77 
1 - Orders 	= 10094
2 - Customers 	= 32586
3 - Radius 	= 252.349
4 - Distant 	= 1536.8
Centroid 5 at node 22: 8 11 20 22 25 34 36 38 46 63 67 69 72 73 76 78 79 
1 - Orders 	= 10782
2 - Customers 	= 34675
3 - Radius 	= 253.831
4 - Distant 	= 1795.02
7270.99 - 1 - 25.7814
