Accepted Range of orders for each territory : 9697.6 10718.4
Accepted Range of customers for each territory : 31582.6 34907
Centroid 1 at node 37: 1 15 27 28 33 37 40 54 55 66 70 71 72 73 78 80 
1 - Orders 	= 10233
2 - Customers 	= 33140
3 - Radius 	= 180.05
4 - Distant 	= 1616.57
Centroid 2 at node 75: 2 7 8 16 22 42 47 49 50 52 57 60 69 75 77 79 
1 - Orders 	= 10341
2 - Customers 	= 33538
3 - Radius 	= 160.876
4 - Distant 	= 1535.58
Centroid 3 at node 5: 3 4 5 6 9 18 20 23 34 35 39 41 51 65 67 76 
1 - Orders 	= 10129
2 - Customers 	= 33680
3 - Radius 	= 147.805
4 - Distant 	= 1403.04
Centroid 4 at node 58: 10 11 13 17 25 36 43 44 46 48 53 58 62 64 68 74 
1 - Orders 	= 10160
2 - Customers 	= 33155
3 - Radius 	= 301.761
4 - Distant 	= 1479.62
Centroid 5 at node 31: 12 14 19 21 24 26 29 30 31 32 38 45 56 59 61 63 
1 - Orders 	= 10177
2 - Customers 	= 32711
3 - Radius 	= 130.166
4 - Distant 	= 1319.72
7354.53 - 0 - 21.9349
