Accepted Range of orders for each territory : 9697.6 10718.4
Accepted Range of customers for each territory : 31527.5 34846.1
Centroid 1 at node 21: 1 2 10 11 21 28 29 30 34 35 42 59 67 69 75 77 
1 - Orders 	= 10238
2 - Customers 	= 33489
3 - Radius 	= 243.817
4 - Distant 	= 1890.55
Centroid 2 at node 50: 3 4 5 6 9 23 25 27 31 39 50 51 53 60 74 76 
1 - Orders 	= 10037
2 - Customers 	= 32616
3 - Radius 	= 201.697
4 - Distant 	= 1524.67
Centroid 3 at node 70: 7 13 19 20 37 43 44 47 48 55 58 70 71 72 73 78 
1 - Orders 	= 10255
2 - Customers 	= 33563
3 - Radius 	= 171.937
4 - Distant 	= 1213.03
Centroid 4 at node 12: 8 12 15 17 18 22 26 46 52 57 61 63 65 66 68 79 
1 - Orders 	= 10224
2 - Customers 	= 33039
3 - Radius 	= 117.035
4 - Distant 	= 1009.71
Centroid 5 at node 16: 14 16 24 32 33 36 38 40 41 45 49 54 56 62 64 80 
1 - Orders 	= 10286
2 - Customers 	= 33227
3 - Radius 	= 113.847
4 - Distant 	= 1206.29
6844.25 - 0 - 25.2641
