Accepted Range of orders for each territory : 8083.07 8933.92
Accepted Range of customers for each territory : 26291.7 29059.3
Centroid 1 at node 64: 1 8 9 22 28 37 40 44 53 61 64 78 80 
1 - Orders 	= 8195
2 - Customers 	= 26817
3 - Radius 	= 125.939
4 - Distant 	= 833.243
Centroid 2 at node 12: 2 10 12 26 27 34 46 56 57 60 66 69 71 
1 - Orders 	= 8317
2 - Customers 	= 27371
3 - Radius 	= 121.775
4 - Distant 	= 955.295
Centroid 3 at node 54: 3 11 14 19 30 31 36 38 43 45 47 48 54 76 
1 - Orders 	= 8914
2 - Customers 	= 29068
3 - Radius 	= 141.225
4 - Distant 	= 1153.19
Centroid 4 at node 58: 4 7 13 15 16 21 23 24 25 32 55 58 70 74 
1 - Orders 	= 9026
2 - Customers 	= 28882
3 - Radius 	= 159.308
4 - Distant 	= 1200.05
Centroid 5 at node 72: 5 17 41 49 50 51 52 63 65 67 72 75 77 
1 - Orders 	= 8345
2 - Customers 	= 27386
3 - Radius 	= 145.738
4 - Distant 	= 1033.26
Centroid 6 at node 59: 6 18 20 29 33 35 39 42 59 62 68 73 79 
1 - Orders 	= 8254
2 - Customers 	= 26529
3 - Radius 	= 152.95
4 - Distant 	= 653.671
5828.71 - 2 - 32.9301
