Accepted Range of orders for each territory : 9720.4 10743.6
Accepted Range of customers for each territory : 31546.5 34867.1
Centroid 1 at node 51: 1 11 20 26 31 33 41 44 47 49 51 52 54 61 72 78 
1 - Orders 	= 10317
2 - Customers 	= 33959
3 - Radius 	= 186.904
4 - Distant 	= 1518.44
Centroid 2 at node 2: 2 21 25 32 37 39 40 42 43 46 65 67 69 70 76 80 
1 - Orders 	= 10297
2 - Customers 	= 33006
3 - Radius 	= 165.259
4 - Distant 	= 1408.16
Centroid 3 at node 79: 3 5 9 10 12 13 15 17 22 34 38 50 58 63 74 79 
1 - Orders 	= 10078
2 - Customers 	= 32894
3 - Radius 	= 236.241
4 - Distant 	= 2093.08
Centroid 4 at node 60: 4 6 14 18 24 27 30 45 53 56 57 60 62 64 66 73 
1 - Orders 	= 10244
2 - Customers 	= 33089
3 - Radius 	= 155.519
4 - Distant 	= 1130.05
Centroid 5 at node 16: 7 8 16 19 23 28 29 35 36 48 55 59 68 71 75 77 
1 - Orders 	= 10224
2 - Customers 	= 33086
3 - Radius 	= 139.677
4 - Distant 	= 1211.5
7361.23 - 0 - 28.0438
