Accepted Range of orders for each territory : 9672.14 10690.3
Accepted Range of customers for each territory : 31408.5 34714.7
Centroid 1 at node 9: 1 9 15 18 25 29 37 42 52 54 57 62 69 71 73 76 
1 - Orders 	= 10089
2 - Customers 	= 32607
3 - Radius 	= 138.98
4 - Distant 	= 1381.04
Centroid 2 at node 66: 2 4 5 10 16 17 28 30 34 63 65 66 67 70 74 
1 - Orders 	= 9624
2 - Customers 	= 31206
3 - Radius 	= 137.426
4 - Distant 	= 1083.22
Centroid 3 at node 68: 3 6 7 12 13 14 24 31 36 38 43 55 60 68 78 80 
1 - Orders 	= 10178
2 - Customers 	= 33599
3 - Radius 	= 199.147
4 - Distant 	= 1349.44
Centroid 4 at node 39: 8 11 20 23 26 27 32 35 39 44 45 47 49 50 58 72 
1 - Orders 	= 10155
2 - Customers 	= 32920
3 - Radius 	= 180.443
4 - Distant 	= 1608.16
Centroid 5 at node 79: 19 21 22 33 40 41 46 48 51 53 56 59 61 64 75 77 79 
1 - Orders 	= 10860
2 - Customers 	= 34976
3 - Radius 	= 150.044
4 - Distant 	= 1283.22
6705.08 - 2 - 30.3057
