Accepted Range of orders for each territory : 9666.82 10684.4
Accepted Range of customers for each territory : 31458.5 34769.9
Centroid 1 at node 17: 1 5 13 17 22 23 28 35 36 45 48 52 53 56 62 74 
1 - Orders 	= 10214
2 - Customers 	= 33354
3 - Radius 	= 152.425
4 - Distant 	= 1201.29
Centroid 2 at node 37: 2 3 8 25 33 37 38 40 41 46 54 55 64 70 72 73 
1 - Orders 	= 10215
2 - Customers 	= 32870
3 - Radius 	= 167.735
4 - Distant 	= 1403.63
Centroid 3 at node 6: 4 6 10 11 14 15 21 27 29 47 51 57 63 66 67 71 
1 - Orders 	= 10117
2 - Customers 	= 33325
3 - Radius 	= 238.346
4 - Distant 	= 1681.24
Centroid 4 at node 78: 7 9 12 18 19 20 26 30 31 44 58 65 75 77 78 79 
1 - Orders 	= 10112
2 - Customers 	= 33082
3 - Radius 	= 190.639
4 - Distant 	= 1270.49
Centroid 5 at node 80: 16 24 32 34 39 42 43 49 50 59 60 61 68 69 76 80 
1 - Orders 	= 10220
2 - Customers 	= 32940
3 - Radius 	= 158.848
4 - Distant 	= 1425.92
6982.58 - 0 - 26.3664
