Accepted Range of orders for each territory : 9680.31 10699.3
Accepted Range of customers for each territory : 31368.2 34670.2
Centroid 1 at node 15: 1 2 6 8 15 20 24 35 36 40 45 49 55 59 67 77 
1 - Orders 	= 10239
2 - Customers 	= 33279
3 - Radius 	= 168.392
4 - Distant 	= 1298.6
Centroid 2 at node 5: 3 5 17 18 19 23 28 30 46 48 50 56 58 62 72 78 
1 - Orders 	= 10145
2 - Customers 	= 32849
3 - Radius 	= 230.656
4 - Distant 	= 1382.37
Centroid 3 at node 65: 4 9 12 21 31 32 34 37 38 41 42 44 47 57 65 71 
1 - Orders 	= 10156
2 - Customers 	= 32869
3 - Radius 	= 133.536
4 - Distant 	= 1185.03
Centroid 4 at node 69: 7 13 16 26 33 43 51 61 66 68 69 74 75 76 79 80 
1 - Orders 	= 10242
2 - Customers 	= 33283
3 - Radius 	= 150.35
4 - Distant 	= 1556.39
Centroid 5 at node 53: 10 11 14 22 25 27 29 39 52 53 54 60 63 64 70 73 
1 - Orders 	= 10167
2 - Customers 	= 32816
3 - Radius 	= 218.568
4 - Distant 	= 1730.64
7153.03 - 0 - 27.9106
