Accepted Range of orders for each territory : 9739.4 10764.6
Accepted Range of customers for each territory : 31746.5 35088.3
Centroid 1 at node 30: 1 6 17 30 31 32 33 39 42 43 49 50 53 72 77 80 
1 - Orders 	= 10383
2 - Customers 	= 33771
3 - Radius 	= 169.526
4 - Distant 	= 1343.16
Centroid 2 at node 51: 2 3 4 5 7 20 35 44 47 51 59 63 67 69 71 79 
1 - Orders 	= 10241
2 - Customers 	= 33448
3 - Radius 	= 174.673
4 - Distant 	= 1812.44
Centroid 3 at node 18: 8 10 11 13 18 21 25 34 37 38 41 55 58 60 68 74 
1 - Orders 	= 10181
2 - Customers 	= 32821
3 - Radius 	= 205.804
4 - Distant 	= 1686.65
Centroid 4 at node 12: 9 12 14 16 26 27 36 52 54 57 62 66 70 73 75 76 
1 - Orders 	= 10306
2 - Customers 	= 33760
3 - Radius 	= 149.474
4 - Distant 	= 1251.85
Centroid 5 at node 78: 15 19 22 23 24 28 29 40 45 46 48 56 61 64 65 78 
1 - Orders 	= 10149
2 - Customers 	= 33287
3 - Radius 	= 134.429
4 - Distant 	= 939.703
7033.8 - 0 - 30.7595
