Accepted Range of orders for each territory : 9710.71 10732.9
Accepted Range of customers for each territory : 31456.6 34767.8
Centroid 1 at node 47: 1 11 13 16 34 38 41 45 47 54 60 64 65 70 74 78 
1 - Orders 	= 10199
2 - Customers 	= 33173
3 - Radius 	= 209.307
4 - Distant 	= 1115.62
Centroid 2 at node 3: 2 3 21 23 24 25 28 29 35 42 46 52 57 58 67 71 
1 - Orders 	= 10212
2 - Customers 	= 33280
3 - Radius 	= 220.807
4 - Distant 	= 1552.36
Centroid 3 at node 44: 4 7 8 10 26 40 44 48 50 56 62 63 69 73 77 80 
1 - Orders 	= 10250
2 - Customers 	= 33185
3 - Radius 	= 186.364
4 - Distant 	= 1595.46
Centroid 4 at node 18: 5 6 12 15 18 19 20 22 27 36 37 51 53 68 72 75 
1 - Orders 	= 10084
2 - Customers 	= 33069
3 - Radius 	= 237.476
4 - Distant 	= 1620.54
Centroid 5 at node 66: 9 14 17 30 31 32 33 39 43 49 55 59 61 66 76 79 
1 - Orders 	= 10364
2 - Customers 	= 32854
3 - Radius 	= 198.047
4 - Distant 	= 1323.66
7207.63 - 0 - 27.3159
