Accepted Range of orders for each territory : 6046.63 6683.12
Accepted Range of customers for each territory : 19565.4 21624.9
Centroid 1 at node 17: 1 9 11 12 17 25 51 55 56 92 96 103 119 124 129 133 134 136 
1 - Orders 	= 6091
2 - Customers 	= 19743
3 - Radius 	= 166.974
4 - Distant 	= 1524.45
Centroid 2 at node 82: 2 3 4 6 18 20 33 35 52 61 62 68 74 80 82 135 140 141 145 
1 - Orders 	= 6428
2 - Customers 	= 20871
3 - Radius 	= 132.772
4 - Distant 	= 1190.24
Centroid 3 at node 94: 5 10 14 30 34 36 39 43 45 54 70 77 79 84 94 95 102 126 127 
1 - Orders 	= 6389
2 - Customers 	= 20870
3 - Radius 	= 108.19
4 - Distant 	= 1062.54
Centroid 4 at node 58: 7 38 44 48 53 57 58 59 60 67 69 75 90 104 108 111 116 118 
1 - Orders 	= 6244
2 - Customers 	= 20107
3 - Radius 	= 150.562
4 - Distant 	= 1292.25
Centroid 5 at node 101: 8 16 24 31 32 40 85 91 98 99 101 110 112 115 123 128 138 139 142 
1 - Orders 	= 6371
2 - Customers 	= 20851
3 - Radius 	= 189.551
4 - Distant 	= 1605.32
Centroid 6 at node 100: 13 19 46 49 73 83 86 88 93 100 107 109 114 117 122 130 132 147 148 150 
1 - Orders 	= 6783
2 - Customers 	= 21461
3 - Radius 	= 143.168
4 - Distant 	= 1454.23
Centroid 7 at node 21: 15 21 28 50 63 64 71 81 97 113 120 121 125 131 137 143 144 149 
1 - Orders 	= 6239
2 - Customers 	= 19902
3 - Radius 	= 183.545
4 - Distant 	= 1331.83
Centroid 8 at node 41: 22 23 26 27 29 37 41 42 47 65 66 72 76 78 87 89 105 106 146 
1 - Orders 	= 6374
2 - Customers 	= 20956
3 - Radius 	= 167.233
4 - Distant 	= 1566.71
11027.6 - 1 - 52.3611
