Accepted Range of orders for each territory : 6009.11 6641.64
Accepted Range of customers for each territory : 19587.6 21649.4
Centroid 1 at node 22: 1 14 16 22 26 30 32 44 51 57 68 75 87 92 113 122 127 135 145 
1 - Orders 	= 6494
2 - Customers 	= 20484
3 - Radius 	= 95.6292
4 - Distant 	= 1215.82
Centroid 2 at node 33: 2 10 18 31 33 52 59 62 64 65 70 96 101 104 105 116 120 131 147 
1 - Orders 	= 6318
2 - Customers 	= 20607
3 - Radius 	= 166.641
4 - Distant 	= 1883.92
Centroid 3 at node 78: 3 4 7 13 19 20 27 45 53 55 72 78 86 98 117 126 138 140 148 
1 - Orders 	= 6283
2 - Customers 	= 20593
3 - Radius 	= 115.221
4 - Distant 	= 1212.34
Centroid 4 at node 144: 5 9 21 24 25 42 48 66 73 83 89 95 107 110 111 112 125 137 144 
1 - Orders 	= 6406
2 - Customers 	= 21417
3 - Radius 	= 96.7561
4 - Distant 	= 1024.81
Centroid 5 at node 115: 6 17 28 29 34 36 39 47 58 67 71 88 93 115 118 119 128 130 
1 - Orders 	= 6173
2 - Customers 	= 20185
3 - Radius 	= 169.049
4 - Distant 	= 1138.92
Centroid 6 at node 54: 8 38 40 41 54 61 79 82 84 90 100 102 109 121 123 129 142 143 
1 - Orders 	= 6031
2 - Customers 	= 20119
3 - Radius 	= 149.046
4 - Distant 	= 1348.95
Centroid 7 at node 106: 11 23 35 37 50 63 74 77 81 85 91 94 106 108 114 132 134 141 
1 - Orders 	= 6158
2 - Customers 	= 19855
3 - Radius 	= 168.788
4 - Distant 	= 1341.81
Centroid 8 at node 136: 12 15 43 46 49 56 60 69 76 80 97 99 103 124 133 136 139 146 149 150 
1 - Orders 	= 6740
2 - Customers 	= 21688
3 - Radius 	= 114.178
4 - Distant 	= 1296.95
10463.5 - 1 - 55.7084
