Accepted Range of orders for each territory : 6046.75 6683.25
Accepted Range of customers for each territory : 19594.6 21657.2
Centroid 1 at node 97: 1 2 8 16 24 33 40 47 66 77 85 88 96 97 108 110 113 128 136 
1 - Orders 	= 6535
2 - Customers 	= 21094
3 - Radius 	= 129.595
4 - Distant 	= 1339.76
Centroid 2 at node 98: 3 23 38 44 52 70 84 98 99 105 107 116 117 119 124 129 145 146 149 
1 - Orders 	= 6464
2 - Customers 	= 20674
3 - Radius 	= 248.311
4 - Distant 	= 1405.85
Centroid 3 at node 74: 4 6 9 25 29 30 35 54 63 72 74 80 82 83 103 122 125 138 143 
1 - Orders 	= 6371
2 - Customers 	= 20819
3 - Radius 	= 105.216
4 - Distant 	= 1148.59
Centroid 4 at node 22: 5 12 13 20 22 49 55 56 60 61 64 76 78 118 127 131 137 140 148 
1 - Orders 	= 6487
2 - Customers 	= 20998
3 - Radius 	= 146.523
4 - Distant 	= 1274.45
Centroid 5 at node 46: 7 10 19 45 46 50 62 71 75 89 91 92 94 101 102 111 112 132 141 
1 - Orders 	= 6457
2 - Customers 	= 20693
3 - Radius 	= 102.611
4 - Distant 	= 1223.92
Centroid 6 at node 142: 11 18 32 34 41 57 59 69 79 87 95 100 104 109 114 115 120 135 142 
1 - Orders 	= 6379
2 - Customers 	= 21002
3 - Radius 	= 114.793
4 - Distant 	= 1029.04
Centroid 7 at node 36: 14 17 28 36 39 43 51 65 73 90 93 121 123 126 133 139 144 147 
1 - Orders 	= 6057
2 - Customers 	= 19874
3 - Radius 	= 129.576
4 - Distant 	= 1221.66
Centroid 8 at node 26: 15 21 26 27 31 37 42 48 53 58 67 68 81 86 106 130 134 150 
1 - Orders 	= 6170
2 - Customers 	= 19853
3 - Radius 	= 118.473
4 - Distant 	= 1086.74
9730.01 - 0 - 35.2662
