Accepted Range of orders for each territory : 6010.53 6643.22
Accepted Range of customers for each territory : 19568 21627.8
Centroid 1 at node 40: 13 28 38 39 40 50 51 52 59 66 68 76 89 93 115 
1 - Orders 	= 6373
2 - Customers 	= 20352
3 - Radius 	= 127.309
4 - Distant 	= 1001.83
Centroid 2 at node 42: 9 37 42 53 54 56 67 69 74 85 86 92 102 103 114 
1 - Orders 	= 6312
2 - Customers 	= 20304
3 - Radius 	= 158.789
4 - Distant 	= 1057.89
Centroid 3 at node 120: 8 23 35 41 43 49 55 77 83 87 106 107 117 119 120 
1 - Orders 	= 6404
2 - Customers 	= 20970
3 - Radius 	= 125.604
4 - Distant 	= 782.134
Centroid 4 at node 101: 17 20 22 25 26 62 73 75 81 90 91 95 101 111 112 113 
1 - Orders 	= 6630
2 - Customers 	= 21621
3 - Radius 	= 169.594
4 - Distant 	= 1430.66
Centroid 5 at node 31: 14 19 24 31 47 48 57 60 65 94 99 100 105 110 116 
1 - Orders 	= 6192
2 - Customers 	= 20678
3 - Radius 	= 176.393
4 - Distant 	= 1259.74
Centroid 6 at node 82: 1 7 11 12 16 30 33 58 72 80 82 88 96 97 
1 - Orders 	= 6052
2 - Customers 	= 19887
3 - Radius 	= 186.23
4 - Distant 	= 1174.14
Centroid 7 at node 71: 2 3 4 5 18 29 32 36 44 46 61 63 71 84 118 
1 - Orders 	= 6264
2 - Customers 	= 20180
3 - Radius 	= 147.136
4 - Distant 	= 1138.87
Centroid 8 at node 45: 6 10 15 21 27 34 45 64 70 78 79 98 104 108 109 
1 - Orders 	= 6388
2 - Customers 	= 20791
3 - Radius 	= 233.05
4 - Distant 	= 1411.9
19.8609
