Accepted Range of orders for each territory : 6963.5 7696.5
Accepted Range of customers for each territory : 22463 24827.5
Centroid 1 at node 2: 2 6 7 12 30 36 42 44 62 64 65 80 91 97 
1 - Orders 	= 7188
2 - Customers 	= 23313
3 - Radius 	= 121.875
4 - Distant 	= 1062.7
Centroid 2 at node 1: 1 3 9 11 13 27 31 53 57 75 76 79 92 95 96 
1 - Orders 	= 7679
2 - Customers 	= 24737
3 - Radius 	= 139.329
4 - Distant 	= 1115.98
Centroid 3 at node 73: 10 19 32 37 45 47 55 56 66 68 73 78 85 98 
1 - Orders 	= 7152
2 - Customers 	= 23106
3 - Radius 	= 116.468
4 - Distant 	= 923.606
Centroid 4 at node 39: 4 14 15 16 17 21 22 23 25 29 39 40 77 100 
1 - Orders 	= 7288
2 - Customers 	= 23548
3 - Radius 	= 130.728
4 - Distant 	= 1081.97
Centroid 5 at node 46: 24 26 33 35 46 48 52 59 60 63 82 86 89 93 94 
1 - Orders 	= 7706
2 - Customers 	= 24387
3 - Radius 	= 118.912
4 - Distant 	= 891.44
Centroid 6 at node 34: 5 8 18 34 38 41 54 58 69 71 72 81 84 90 
1 - Orders 	= 7147
2 - Customers 	= 23059
3 - Radius 	= 158.206
4 - Distant 	= 1040.36
Centroid 7 at node 83: 20 28 43 49 50 51 61 67 70 74 83 87 88 99 
1 - Orders 	= 7150
2 - Customers 	= 23367
3 - Radius 	= 134.084
4 - Distant 	= 941.443
22.3053
1-st - attempt : Success !
