Accepted Range of orders for each territory : 6918.04 7646.25
Accepted Range of customers for each territory : 22522.5 24893.2
Centroid 1 at node 77: 4 8 32 37 44 48 49 60 62 72 74 77 85 92 
1 - Orders 	= 7090
2 - Customers 	= 23535
3 - Radius 	= 157.788
4 - Distant 	= 994.558
Centroid 2 at node 45: 5 7 14 21 29 45 46 55 57 70 71 82 90 91 
1 - Orders 	= 7028
2 - Customers 	= 23003
3 - Radius 	= 210.481
4 - Distant 	= 1360.45
Centroid 3 at node 89: 2 12 20 22 23 27 31 38 42 56 65 73 88 89 
1 - Orders 	= 7306
2 - Customers 	= 23500
3 - Radius 	= 178.381
4 - Distant 	= 1338.29
Centroid 4 at node 95: 9 10 16 18 19 24 25 33 34 39 53 67 76 95 97 
1 - Orders 	= 7597
2 - Customers 	= 24752
3 - Radius 	= 160.049
4 - Distant 	= 1017.9
Centroid 5 at node 6: 6 11 26 47 50 51 61 66 81 83 86 87 93 99 
1 - Orders 	= 7121
2 - Customers 	= 23225
3 - Radius 	= 82.1866
4 - Distant 	= 539.394
Centroid 6 at node 59: 13 17 28 30 35 41 54 59 63 69 78 80 96 98 
1 - Orders 	= 7191
2 - Customers 	= 23190
3 - Radius 	= 105.816
4 - Distant 	= 792.196
Centroid 7 at node 36: 1 3 15 36 40 43 52 58 64 68 75 79 84 94 100 
1 - Orders 	= 7642
2 - Customers 	= 24750
3 - Radius 	= 203.625
4 - Distant 	= 1598.75
18.1526
1-st - attempt : Success !
