Accepted Range of orders for each territory : 6049.24 6686.01
Accepted Range of customers for each territory : 19578.7 21639.6
Centroid 1 at node 84: 7 21 39 41 47 49 60 69 72 84 85 93 96 99 111 
1 - Orders 	= 6319
2 - Customers 	= 20613
3 - Radius 	= 160.821
4 - Distant 	= 1212.99
Centroid 2 at node 19: 10 19 28 33 40 42 46 59 66 76 87 89 94 110 114 
1 - Orders 	= 6499
2 - Customers 	= 21150
3 - Radius 	= 108.044
4 - Distant 	= 951.108
Centroid 3 at node 56: 2 9 18 20 34 48 50 51 52 56 62 74 95 112 113 119 
1 - Orders 	= 6715
2 - Customers 	= 21498
3 - Radius 	= 135.789
4 - Distant 	= 1170.17
Centroid 4 at node 90: 14 16 24 26 45 65 68 71 80 81 83 90 104 105 107 
1 - Orders 	= 6358
2 - Customers 	= 20713
3 - Radius 	= 161.319
4 - Distant 	= 1203.41
Centroid 5 at node 61: 3 4 5 36 37 61 64 75 91 92 100 103 108 116 117 
1 - Orders 	= 6445
2 - Customers 	= 20622
3 - Radius 	= 126.55
4 - Distant 	= 874.229
Centroid 6 at node 25: 1 6 25 44 53 55 63 67 70 88 97 101 102 115 
1 - Orders 	= 5927
2 - Customers 	= 19507
3 - Radius 	= 167.033
4 - Distant 	= 1208.54
Centroid 7 at node 106: 15 23 30 32 57 73 78 79 82 86 98 106 109 118 120 
1 - Orders 	= 6302
2 - Customers 	= 20478
3 - Radius 	= 144.982
4 - Distant 	= 1105.27
Centroid 8 at node 13: 8 11 12 13 17 22 27 29 31 35 38 43 54 58 77 
1 - Orders 	= 6376
2 - Customers 	= 20292
3 - Radius 	= 142.296
4 - Distant 	= 1124.45
26.5058
2-nd - attempt : Success !
