Accepted Range of orders for each territory : 6912.61 7640.25
Accepted Range of customers for each territory : 22392.7 24749.8
Centroid 1 at node 72: 2 12 38 43 47 50 52 58 72 77 91 95 97 99 
1 - Orders 	= 7111
2 - Customers 	= 23148
3 - Radius 	= 149.642
4 - Distant 	= 958.478
Centroid 2 at node 26: 7 8 14 17 22 23 26 27 31 44 45 57 76 87 90 
1 - Orders 	= 7600
2 - Customers 	= 24392
3 - Radius 	= 152.88
4 - Distant 	= 1332.79
Centroid 3 at node 13: 13 16 24 30 34 55 59 75 78 81 83 88 93 98 
1 - Orders 	= 7295
2 - Customers 	= 23702
3 - Radius 	= 137.454
4 - Distant 	= 1096.2
Centroid 4 at node 85: 1 3 10 11 28 32 35 37 46 61 62 64 65 85 94 
1 - Orders 	= 7537
2 - Customers 	= 24197
3 - Radius 	= 304.259
4 - Distant 	= 1352.31
Centroid 5 at node 25: 4 6 18 21 25 39 53 63 66 68 80 84 86 100 
1 - Orders 	= 7205
2 - Customers 	= 23229
3 - Radius 	= 135.002
4 - Distant 	= 932.68
Centroid 6 at node 5: 5 15 19 20 36 42 48 49 56 70 71 73 74 96 
1 - Orders 	= 7021
2 - Customers 	= 23004
3 - Radius 	= 149.979
4 - Distant 	= 1039.31
Centroid 7 at node 41: 9 29 33 40 41 51 54 60 67 69 79 82 89 92 
1 - Orders 	= 7166
2 - Customers 	= 23327
3 - Radius 	= 126.249
4 - Distant 	= 746.711
12.2568
