Accepted Range of orders for each territory : 6069.67 6708.58
Accepted Range of customers for each territory : 19592.2 21654.5
Centroid 1 at node 118: 12 16 21 23 50 73 74 79 88 89 97 111 118 120 
1 - Orders 	= 6012
2 - Customers 	= 19235
3 - Radius 	= 148.072
4 - Distant 	= 1019.24
Centroid 2 at node 25: 8 15 18 25 30 39 41 42 44 57 61 65 66 68 115 
1 - Orders 	= 6485
2 - Customers 	= 20511
3 - Radius 	= 139.35
4 - Distant 	= 1054.72
Centroid 3 at node 26: 26 33 35 53 56 58 75 77 83 85 95 98 109 110 116 
1 - Orders 	= 6365
2 - Customers 	= 20434
3 - Radius 	= 188.968
4 - Distant 	= 1241.36
Centroid 4 at node 106: 5 22 24 28 38 45 49 76 80 82 92 96 100 101 106 
1 - Orders 	= 6304
2 - Customers 	= 20504
3 - Radius 	= 155.864
4 - Distant 	= 951.84
Centroid 5 at node 17: 1 2 11 13 17 27 32 60 72 78 90 93 107 112 114 
1 - Orders 	= 6379
2 - Customers 	= 21049
3 - Radius 	= 311.493
4 - Distant 	= 1942.44
Centroid 6 at node 37: 3 6 7 14 37 43 63 64 67 69 70 84 91 94 102 105 
1 - Orders 	= 6686
2 - Customers 	= 21498
3 - Radius 	= 170.198
4 - Distant 	= 1256.28
Centroid 7 at node 117: 4 31 46 48 55 71 81 86 87 99 103 104 108 113 117 
1 - Orders 	= 6459
2 - Customers 	= 20837
3 - Radius 	= 151.719
4 - Distant 	= 1147.38
Centroid 8 at node 119: 9 10 19 20 29 34 36 40 47 51 52 54 59 62 119 
1 - Orders 	= 6423
2 - Customers 	= 20919
3 - Radius 	= 161.32
4 - Distant 	= 1222.45
15.8011
