Accepted Range of orders for each territory : 6010.53 6643.22
Accepted Range of customers for each territory : 19568 21627.8
Centroid 1 at node 101: 17 20 22 26 55 63 73 75 81 83 87 90 91 101 112 113 
1 - Orders 	= 6619
2 - Customers 	= 21492
3 - Radius 	= 161.988
4 - Distant 	= 1536.64
Centroid 2 at node 118: 2 5 29 32 33 36 44 46 61 71 72 84 88 95 118 
1 - Orders 	= 6398
2 - Customers 	= 20535
3 - Radius 	= 157.782
4 - Distant 	= 874.535
Centroid 3 at node 120: 8 23 25 35 41 43 49 69 77 86 102 106 111 119 120 
1 - Orders 	= 6470
2 - Customers 	= 21094
3 - Radius 	= 96.2256
4 - Distant 	= 729.172
Centroid 4 at node 78: 6 10 19 21 27 28 45 57 65 78 79 97 98 104 
1 - Orders 	= 6006
2 - Customers 	= 19697
3 - Radius 	= 208.331
4 - Distant 	= 1141.74
Centroid 5 at node 114: 9 13 37 38 39 40 56 62 67 74 85 93 107 114 117 
1 - Orders 	= 6353
2 - Customers 	= 20644
3 - Radius 	= 156.573
4 - Distant 	= 1397.25
Centroid 6 at node 1: 1 3 4 7 11 12 14 16 18 58 80 82 94 96 
1 - Orders 	= 5891
2 - Customers 	= 19553
3 - Radius 	= 102.983
4 - Distant 	= 727.065
Centroid 7 at node 110: 15 24 30 31 34 47 48 70 99 100 105 108 109 110 116 
1 - Orders 	= 6279
2 - Customers 	= 20580
3 - Radius 	= 169.565
4 - Distant 	= 1249.88
Centroid 8 at node 76: 42 50 51 52 53 54 59 60 64 66 68 76 89 92 103 115 
1 - Orders 	= 6599
2 - Customers 	= 21188
3 - Radius 	= 232.948
4 - Distant 	= 1734.89
20.1673
