Accepted Range of orders for each territory : 6922.51 7651.2
Accepted Range of customers for each territory : 22395.4 24752.9
Centroid 1 at node 37: 19 23 31 32 37 39 43 53 58 75 77 80 96 99 
1 - Orders 	= 7065
2 - Customers 	= 23234
3 - Radius 	= 177.409
4 - Distant 	= 1384.43
Centroid 2 at node 38: 5 6 26 30 38 49 57 69 72 73 92 95 97 98 100 
1 - Orders 	= 7583
2 - Customers 	= 24519
3 - Radius 	= 152.533
4 - Distant 	= 1395.89
Centroid 3 at node 91: 1 4 11 14 36 40 42 46 55 70 76 91 93 94 
1 - Orders 	= 7254
2 - Customers 	= 23282
3 - Radius 	= 131.261
4 - Distant 	= 1064.72
Centroid 4 at node 34: 7 8 13 15 27 34 47 48 52 56 61 78 81 83 89 
1 - Orders 	= 7496
2 - Customers 	= 24279
3 - Radius 	= 127.485
4 - Distant 	= 945.477
Centroid 5 at node 82: 3 9 24 25 29 45 59 62 64 68 71 82 84 90 
1 - Orders 	= 7227
2 - Customers 	= 23001
3 - Radius 	= 176.562
4 - Distant 	= 1187.44
Centroid 6 at node 67: 12 16 17 21 22 28 44 50 51 60 63 67 79 85 
1 - Orders 	= 7255
2 - Customers 	= 23578
3 - Radius 	= 116.66
4 - Distant 	= 1156.52
Centroid 7 at node 10: 2 10 18 20 33 35 41 54 65 66 74 86 87 88 
1 - Orders 	= 7128
2 - Customers 	= 23126
3 - Radius 	= 106.46
4 - Distant 	= 894.172
22.6275
5-th - attempt : Success !
