Accepted Range of orders for each territory : 6954.81 7686.9
Accepted Range of customers for each territory : 22663.1 25048.6
Centroid 1 at node 83: 2 10 27 34 35 36 45 67 76 77 83 84 89 97 
1 - Orders 	= 7099
2 - Customers 	= 23491
3 - Radius 	= 124.992
4 - Distant 	= 898.798
Centroid 2 at node 6: 6 16 25 32 41 43 51 55 58 71 79 80 81 87 
1 - Orders 	= 7192
2 - Customers 	= 23207
3 - Radius 	= 173.002
4 - Distant 	= 1173
Centroid 3 at node 11: 4 5 8 11 13 21 24 39 47 50 64 68 70 95 
1 - Orders 	= 7072
2 - Customers 	= 23810
3 - Radius 	= 132.711
4 - Distant 	= 1045.43
Centroid 4 at node 1: 1 7 17 22 38 44 59 62 66 69 72 88 90 94 100 
1 - Orders 	= 7790
2 - Customers 	= 24976
3 - Radius 	= 174.045
4 - Distant 	= 1206.66
Centroid 5 at node 99: 3 15 18 20 26 37 42 46 48 54 73 82 93 99 
1 - Orders 	= 7286
2 - Customers 	= 23262
3 - Radius 	= 149.527
4 - Distant 	= 1269.09
Centroid 6 at node 49: 9 14 23 29 30 33 49 56 57 60 61 74 85 91 98 
1 - Orders 	= 7622
2 - Customers 	= 24775
3 - Radius 	= 239.419
4 - Distant 	= 1501.01
Centroid 7 at node 40: 12 19 28 31 40 52 53 63 65 75 78 86 92 96 
1 - Orders 	= 7185
2 - Customers 	= 23470
3 - Radius 	= 149.145
4 - Distant 	= 943.176
16.7918
