Accepted Range of orders for each territory : 6067.06 6705.69
Accepted Range of customers for each territory : 19695.5 21768.7
Centroid 1 at node 42: 1 3 16 24 25 27 35 42 46 49 52 67 71 73 82 92 93 113 
1 - Orders 	= 7674
2 - Customers 	= 24739
3 - Radius 	= 147.707
4 - Distant 	= 1439.09
Centroid 2 at node 99: 5 7 29 45 56 57 72 74 78 86 99 112 117 119 
1 - Orders 	= 5913
2 - Customers 	= 19574
3 - Radius 	= 188.995
4 - Distant 	= 1233.54
Centroid 3 at node 66: 11 20 30 31 32 36 38 59 66 68 83 90 104 114 
1 - Orders 	= 5946
2 - Customers 	= 19339
3 - Radius 	= 90.0055
4 - Distant 	= 814.321
Centroid 4 at node 96: 10 12 15 48 54 63 69 70 89 96 103 105 109 115 
1 - Orders 	= 5989
2 - Customers 	= 19289
3 - Radius 	= 107.707
4 - Distant 	= 856.961
Centroid 5 at node 14: 14 21 39 53 60 64 76 84 94 100 102 106 110 120 
1 - Orders 	= 5983
2 - Customers 	= 19246
3 - Radius 	= 165.505
4 - Distant 	= 1049.48
Centroid 6 at node 50: 4 8 17 22 33 41 43 50 51 55 61 77 85 107 111 116 118 
1 - Orders 	= 7425
2 - Customers 	= 24225
3 - Radius 	= 218.882
4 - Distant 	= 1187.25
Centroid 7 at node 62: 2 6 9 13 18 26 44 58 62 65 81 88 97 101 
1 - Orders 	= 5928
2 - Customers 	= 19247
3 - Radius 	= 120.449
4 - Distant 	= 931.692
Centroid 8 at node 108: 19 23 28 34 37 40 47 75 79 80 87 91 95 98 108 
1 - Orders 	= 6233
2 - Customers 	= 20198
3 - Radius 	= 174.392
4 - Distant 	= 1355.62
20.6083
