Accepted Range of orders for each territory : 6912.61 7640.25
Accepted Range of customers for each territory : 22563.7 24938.8
Centroid 1 at node 88: 6 15 26 28 30 48 55 58 61 63 76 81 82 88 
1 - Orders 	= 7080
2 - Customers 	= 23440
3 - Radius 	= 158.402
4 - Distant 	= 1051.05
Centroid 2 at node 39: 7 13 19 23 27 31 39 44 46 75 78 87 97 100 
1 - Orders 	= 7269
2 - Customers 	= 23211
3 - Radius 	= 171.599
4 - Distant 	= 973.442
Centroid 3 at node 8: 8 16 20 29 32 34 49 65 66 72 79 80 85 93 94 
1 - Orders 	= 7560
2 - Customers 	= 24548
3 - Radius 	= 144.399
4 - Distant 	= 1248.3
Centroid 4 at node 12: 2 10 12 36 38 40 47 51 60 67 69 73 74 95 
1 - Orders 	= 7217
2 - Customers 	= 23090
3 - Radius 	= 142.956
4 - Distant 	= 1067.98
Centroid 5 at node 37: 4 14 18 25 33 37 57 59 62 64 70 71 84 89 98 
1 - Orders 	= 7608
2 - Customers 	= 24854
3 - Radius 	= 116.814
4 - Distant 	= 932.176
Centroid 6 at node 96: 5 9 21 22 35 42 43 53 54 56 77 83 96 99 
1 - Orders 	= 7027
2 - Customers 	= 23189
3 - Radius 	= 123.017
4 - Distant 	= 927.26
Centroid 7 at node 1: 1 3 11 17 24 41 45 50 52 68 86 90 91 92 
1 - Orders 	= 7174
2 - Customers 	= 23927
3 - Radius 	= 161.303
4 - Distant 	= 1091.63
21.2468
1-st - attempt : Success !
