Accepted Range of orders for each territory : 6871.35 7594.65
Accepted Range of customers for each territory : 22425.4 24786
Centroid 1 at node 25: 21 22 25 30 35 38 40 54 64 66 78 82 98 99 
1 - Orders 	= 7078
2 - Customers 	= 23270
3 - Radius 	= 143.052
4 - Distant 	= 858.294
Centroid 2 at node 45: 3 5 9 26 42 45 50 53 57 60 62 81 88 97 
1 - Orders 	= 7093
2 - Customers 	= 22874
3 - Radius 	= 160.69
4 - Distant 	= 1158.34
Centroid 3 at node 16: 2 6 16 17 29 37 52 56 67 75 76 86 91 92 
1 - Orders 	= 7046
2 - Customers 	= 22750
3 - Radius 	= 178.826
4 - Distant 	= 1337.87
Centroid 4 at node 100: 10 12 18 23 32 33 36 47 48 59 73 74 83 94 100 
1 - Orders 	= 7484
2 - Customers 	= 24532
3 - Radius 	= 148.926
4 - Distant 	= 1027.77
Centroid 5 at node 39: 14 19 20 24 27 34 39 46 51 63 77 79 84 85 87 
1 - Orders 	= 7782
2 - Customers 	= 25711
3 - Radius 	= 274.072
4 - Distant 	= 2281.67
Centroid 6 at node 55: 1 4 7 13 31 44 49 55 61 65 70 72 89 96 
1 - Orders 	= 7056
2 - Customers 	= 22828
3 - Radius 	= 159.098
4 - Distant 	= 963.394
Centroid 7 at node 15: 8 11 15 28 41 43 58 68 69 71 80 90 93 95 
1 - Orders 	= 7092
2 - Customers 	= 23275
3 - Radius 	= 126.906
4 - Distant 	= 1093.9
15.943
