Accepted Range of orders for each territory : 12737.2 12813.8
Accepted Range of customers for each territory : 39165.2 43287.8
Centroid 1 at node 38: 2 7 8 17 27 28 31 32 38 39 41 43 44 51 57 
1 - Orders 	= 12756
2 - Customers 	= 41426
3 - Radius 	= 291.765
4 - Distant 	= 1577.18
Centroid 2 at node 26: 1 6 15 18 21 25 26 30 36 37 42 52 54 58 59 
1 - Orders 	= 12828
2 - Customers 	= 41156
3 - Radius 	= 133.961
4 - Distant 	= 1188.63
Centroid 3 at node 53: 4 5 10 12 14 16 19 20 34 40 46 48 50 53 60 
1 - Orders 	= 12694
2 - Customers 	= 41364
3 - Radius 	= 192.62
4 - Distant 	= 1502
Centroid 4 at node 29: 3 9 11 13 22 23 24 29 33 35 45 47 49 55 56 
1 - Orders 	= 12824
2 - Customers 	= 40960
3 - Radius 	= 181.6
4 - Distant 	= 1499.74
9.88649
2-nd - attempt : Success !
