Accepted Range of orders for each territory : 12739.7 12790.8
Accepted Range of customers for each territory : 39387 43533
Centroid 1 at node 38: 1 23 25 26 31 32 38 40 42 46 47 49 51 54 60 
1 - Orders 	= 12987
2 - Customers 	= 42452
3 - Radius 	= 227.927
4 - Distant 	= 1673.23
Centroid 2 at node 36: 4 5 9 12 17 21 33 36 37 43 45 48 55 58 59 
1 - Orders 	= 12781
2 - Customers 	= 41834
3 - Radius 	= 145.73
4 - Distant 	= 1191.8
Centroid 3 at node 3: 2 3 11 15 19 24 27 28 29 30 35 50 52 53 57 
1 - Orders 	= 12751
2 - Customers 	= 40722
3 - Radius 	= 258.211
4 - Distant 	= 1800.61
Centroid 4 at node 8: 6 7 8 10 13 14 16 18 20 22 34 39 41 44 56 
1 - Orders 	= 12542
2 - Customers 	= 40832
3 - Radius 	= 155.626
4 - Distant 	= 1479.38
11.9146
1-st - attempt : Success !
