Accepted Range of orders for each territory : 12025.6 13291.4
Accepted Range of customers for each territory : 39174.4 43298.1
Centroid 1 at node 57: 6 7 8 10 16 17 18 21 28 37 51 52 53 57 58 
1 - Orders 	= 12689
2 - Customers 	= 41029
3 - Radius 	= 207.771
4 - Distant 	= 1721.3
Centroid 2 at node 45: 1 2 3 4 5 9 15 20 32 34 36 45 47 54 60 
1 - Orders 	= 12622
2 - Customers 	= 41125
3 - Radius 	= 174.39
4 - Distant 	= 1155.66
Centroid 3 at node 59: 14 19 24 25 29 31 33 42 43 44 49 50 55 56 59 
1 - Orders 	= 12594
2 - Customers 	= 41615
3 - Radius 	= 241.507
4 - Distant 	= 1504.28
Centroid 4 at node 12: 11 12 13 22 23 26 27 30 35 38 39 40 41 46 48 
1 - Orders 	= 12729
2 - Customers 	= 41176
3 - Radius 	= 216.207
4 - Distant 	= 1259.29
11.6778
1-st - attempt : Success !
