Accepted Range of orders for each territory : 12074.5 13345.5
Accepted Range of customers for each territory : 39041.9 43151.6
Centroid 1 at node 3: 3 6 11 12 17 22 23 29 33 34 37 40 41 52 59 
1 - Orders 	= 12709
2 - Customers 	= 40676
3 - Radius 	= 179.498
4 - Distant 	= 1399.43
Centroid 2 at node 42: 4 9 10 14 18 19 21 28 32 38 42 43 53 57 58 
1 - Orders 	= 12502
2 - Customers 	= 41141
3 - Radius 	= 181.409
4 - Distant 	= 1382.66
Centroid 3 at node 8: 2 8 15 16 24 25 26 27 30 31 35 46 47 50 56 
1 - Orders 	= 12761
2 - Customers 	= 41380
3 - Radius 	= 184.667
4 - Distant 	= 1395.87
Centroid 4 at node 54: 1 5 7 13 20 36 39 44 45 48 49 51 54 55 60 
1 - Orders 	= 12868
2 - Customers 	= 41190
3 - Radius 	= 216.469
4 - Distant 	= 1757.36
13.7094
5-th - attempt : Success !
