Accepted Range of orders for each territory : 12094.9 13368.1
Accepted Range of customers for each territory : 39446.4 43598.6
Centroid 1 at node 44: 8 15 18 25 26 29 32 34 38 40 41 44 46 49 52 
1 - Orders 	= 12680
2 - Customers 	= 41052
3 - Radius 	= 181.453
4 - Distant 	= 1845.56
Centroid 2 at node 27: 7 9 16 17 20 21 27 28 42 43 54 55 56 57 59 
1 - Orders 	= 12917
2 - Customers 	= 42018
3 - Radius 	= 196.565
4 - Distant 	= 1390.46
Centroid 3 at node 35: 2 4 5 11 12 13 19 22 23 35 47 50 53 58 60 
1 - Orders 	= 12673
2 - Customers 	= 41282
3 - Radius 	= 184.671
4 - Distant 	= 1444.04
Centroid 4 at node 14: 1 3 6 10 14 24 30 31 33 36 37 39 45 48 51 
1 - Orders 	= 12656
2 - Customers 	= 41738
3 - Radius 	= 179.15
4 - Distant 	= 1145.64
14.8188
4-th - attempt : Success !
