Accepted Range of orders for each territory : 12117.2 13392.8
Accepted Range of customers for each territory : 39228.6 43357.9
Centroid 1 at node 23: 2 11 12 17 18 23 25 28 36 39 40 42 45 50 53 
1 - Orders 	= 12887
2 - Customers 	= 41749
3 - Radius 	= 212.383
4 - Distant 	= 1562.21
Centroid 2 at node 7: 6 7 13 16 24 26 46 48 49 51 54 57 58 59 60 
1 - Orders 	= 12758
2 - Customers 	= 41216
3 - Radius 	= 114.746
4 - Distant 	= 903.531
Centroid 3 at node 44: 9 14 15 19 20 22 30 31 33 34 38 41 43 44 56 
1 - Orders 	= 12770
2 - Customers 	= 40863
3 - Radius 	= 221.664
4 - Distant 	= 1476.8
Centroid 4 at node 27: 1 3 4 5 8 10 21 27 29 32 35 37 47 52 55 
1 - Orders 	= 12605
2 - Customers 	= 41345
3 - Radius 	= 231.988
4 - Distant 	= 1545.51
11.8283
2-nd - attempt : Success !
