Accepted Range of orders for each territory : 12729 12754.5
Accepted Range of customers for each territory : 39373.7 43518.3
Centroid 1 at node 7: 3 7 8 14 18 19 22 26 32 33 34 39 48 54 57 
1 - Orders 	= 12631
2 - Customers 	= 41275
3 - Radius 	= 145.796
4 - Distant 	= 1356.71
Centroid 2 at node 25: 1 4 15 17 20 21 25 28 29 31 37 40 43 44 60 
1 - Orders 	= 12727
2 - Customers 	= 41030
3 - Radius 	= 190.372
4 - Distant 	= 1579.33
Centroid 3 at node 47: 2 5 6 9 10 13 27 38 41 42 45 46 47 58 59 
1 - Orders 	= 12815
2 - Customers 	= 41316
3 - Radius 	= 208.731
4 - Distant 	= 1125.8
Centroid 4 at node 56: 11 12 16 23 24 30 35 36 49 50 51 52 53 55 56 
1 - Orders 	= 12794
2 - Customers 	= 42163
3 - Radius 	= 167.346
4 - Distant 	= 1463.44
13.2432
1-st - attempt : Success !
