Accepted Range of orders for each territory : 8014.99 8858.68
Accepted Range of customers for each territory : 26128.3 28878.7
Centroid 1 at node 76: 2 4 9 21 25 35 47 51 54 62 70 76 77 80 
1 - Orders 	= 8866
2 - Customers 	= 28605
3 - Radius 	= 143.994
4 - Distant 	= 1088.02
Centroid 2 at node 16: 3 6 16 17 31 36 39 42 46 58 61 64 66 71 
1 - Orders 	= 8832
2 - Customers 	= 28836
3 - Radius 	= 151.346
4 - Distant 	= 1319.68
Centroid 3 at node 65: 7 8 34 38 40 45 48 55 60 65 67 74 78 
1 - Orders 	= 8184
2 - Customers 	= 26307
3 - Radius 	= 133.101
4 - Distant 	= 864.828
Centroid 4 at node 5: 5 14 22 33 43 49 52 57 59 68 69 73 75 
1 - Orders 	= 8210
2 - Customers 	= 27159
3 - Radius 	= 138.691
4 - Distant 	= 1033.43
Centroid 5 at node 1: 1 10 11 12 13 20 26 27 28 30 32 53 72 
1 - Orders 	= 8295
2 - Customers 	= 27362
3 - Radius 	= 152.556
4 - Distant 	= 973.217
Centroid 6 at node 18: 15 18 19 23 24 29 37 41 44 50 56 63 79 
1 - Orders 	= 8234
2 - Customers 	= 26752
3 - Radius 	= 162.949
4 - Distant 	= 1089.97
19.5438
2-nd - attempt : Success !
