Accepted Range of orders for each territory : 8067.24 8916.43
Accepted Range of customers for each territory : 26134.3 28885.3
Centroid 1 at node 22: 8 11 18 20 22 25 31 36 58 69 72 73 76 79 
1 - Orders 	= 8907
2 - Customers 	= 28392
3 - Radius 	= 234.91
4 - Distant 	= 1274.23
Centroid 2 at node 61: 1 4 23 26 27 32 34 38 41 46 56 61 63 
1 - Orders 	= 8323
2 - Customers 	= 27244
3 - Radius 	= 195.158
4 - Distant 	= 1190.52
Centroid 3 at node 24: 2 24 28 30 37 39 43 44 57 62 67 78 80 
1 - Orders 	= 8311
2 - Customers 	= 27296
3 - Radius 	= 220.775
4 - Distant 	= 1274.67
Centroid 4 at node 66: 3 6 10 13 15 17 33 45 66 68 70 71 75 
1 - Orders 	= 8322
2 - Customers 	= 26887
3 - Radius 	= 133.496
4 - Distant 	= 877.211
Centroid 5 at node 54: 7 9 19 40 42 48 49 52 54 55 59 65 77 
1 - Orders 	= 8256
2 - Customers 	= 26593
3 - Radius 	= 192.623
4 - Distant 	= 939.988
Centroid 6 at node 53: 5 12 14 16 21 29 35 47 50 51 53 60 64 74 
1 - Orders 	= 8832
2 - Customers 	= 28647
3 - Radius 	= 168.117
4 - Distant 	= 1053.74
14.07
1-st - attempt : Success !
