Accepted Range of orders for each territory : 8083.71 8934.62
Accepted Range of customers for each territory : 26473 29259.6
Centroid 1 at node 68: 3 4 5 6 19 21 24 39 47 54 56 66 68 
1 - Orders 	= 8350
2 - Customers 	= 27091
3 - Radius 	= 160.015
4 - Distant 	= 849.451
Centroid 2 at node 17: 8 13 17 22 26 29 31 34 59 61 71 75 79 80 
1 - Orders 	= 8902
2 - Customers 	= 29215
3 - Radius 	= 148.371
4 - Distant 	= 982.459
Centroid 3 at node 64: 2 9 14 20 27 32 40 42 46 51 52 62 64 69 
1 - Orders 	= 8899
2 - Customers 	= 29149
3 - Radius 	= 213.384
4 - Distant 	= 1065.18
Centroid 4 at node 28: 7 12 15 25 28 30 33 48 49 57 67 72 74 
1 - Orders 	= 8319
2 - Customers 	= 27337
3 - Radius 	= 210.901
4 - Distant 	= 1121.59
Centroid 5 at node 1: 1 10 11 16 35 36 41 45 53 55 60 70 77 
1 - Orders 	= 8225
2 - Customers 	= 27016
3 - Radius 	= 155.115
4 - Distant 	= 1243.59
Centroid 6 at node 73: 18 23 37 38 43 44 50 58 63 65 73 76 78 
1 - Orders 	= 8360
2 - Customers 	= 27390
3 - Radius 	= 178.19
4 - Distant 	= 1201
15.1447
5-th - attempt : Success !
