Accepted Range of orders for each territory : 8474.47 8542.53
Accepted Range of customers for each territory : 26291.7 29059.3
Centroid 1 at node 6: 5 6 14 29 30 33 38 39 42 43 59 62 73 79 
1 - Orders 	= 8936
2 - Customers 	= 28727
3 - Radius 	= 181.77
4 - Distant 	= 1262.57
Centroid 2 at node 65: 17 18 20 35 41 50 63 65 67 68 72 75 77 
1 - Orders 	= 8243
2 - Customers 	= 27231
3 - Radius 	= 134.725
4 - Distant 	= 1000.93
Centroid 3 at node 10: 2 10 11 12 19 31 47 48 54 56 57 66 69 
1 - Orders 	= 8329
2 - Customers 	= 27136
3 - Radius 	= 130.041
4 - Distant 	= 821.512
Centroid 4 at node 26: 3 22 26 27 34 36 40 45 46 60 71 76 80 
1 - Orders 	= 8305
2 - Customers 	= 27382
3 - Radius 	= 244.039
4 - Distant 	= 1349.38
Centroid 5 at node 28: 1 8 9 21 23 24 25 28 37 44 53 61 64 78 
1 - Orders 	= 8848
2 - Customers 	= 28596
3 - Radius 	= 161.951
4 - Distant 	= 1190.31
Centroid 6 at node 16: 4 7 13 15 16 32 49 51 52 55 58 70 74 
1 - Orders 	= 8390
2 - Customers 	= 26981
3 - Radius 	= 126.691
4 - Distant 	= 934.081
13.516
5-th - attempt : Success !
