Accepted Range of orders for each territory : 8070.88 8920.45
Accepted Range of customers for each territory : 26107.7 28855.9
Centroid 1 at node 1: 1 4 20 21 22 28 29 33 48 59 60 65 79 
1 - Orders 	= 8147
2 - Customers 	= 26233
3 - Radius 	= 196.467
4 - Distant 	= 1100.65
Centroid 2 at node 73: 6 8 12 19 25 32 35 39 46 68 73 77 80 
1 - Orders 	= 8339
2 - Customers 	= 27206
3 - Radius 	= 234.838
4 - Distant 	= 1020.81
Centroid 3 at node 63: 9 13 17 18 27 31 51 55 56 63 69 72 74 76 
1 - Orders 	= 8944
2 - Customers 	= 28746
3 - Radius 	= 137.822
4 - Distant 	= 1018.35
Centroid 4 at node 52: 7 14 16 36 37 50 52 53 57 58 61 70 71 75 
1 - Orders 	= 8904
2 - Customers 	= 28814
3 - Radius 	= 162.932
4 - Distant 	= 1122.23
Centroid 5 at node 5: 2 3 5 11 23 24 34 38 40 43 44 64 66 
1 - Orders 	= 8294
2 - Customers 	= 26815
3 - Radius 	= 166.843
4 - Distant 	= 1291.53
Centroid 6 at node 26: 10 15 26 30 41 42 45 47 49 54 62 67 78 
1 - Orders 	= 8346
2 - Customers 	= 27077
3 - Radius 	= 153.185
4 - Distant 	= 993.62
13.9412
1-st - attempt : Success !
