Accepted Range of orders for each territory : 8055.68 8903.65
Accepted Range of customers for each territory : 26215.4 28974.9
Centroid 1 at node 20: 13 18 20 22 31 44 48 52 58 65 75 78 79 
1 - Orders 	= 8197
2 - Customers 	= 27294
3 - Radius 	= 164.735
4 - Distant 	= 960.022
Centroid 2 at node 28: 1 5 10 17 23 28 35 36 45 53 56 62 74 
1 - Orders 	= 8329
2 - Customers 	= 26787
3 - Radius 	= 121.614
4 - Distant 	= 806.656
Centroid 3 at node 26: 7 9 12 19 24 26 30 42 43 49 60 68 76 77 
1 - Orders 	= 8843
2 - Customers 	= 28606
3 - Radius 	= 166.821
4 - Distant 	= 1355.92
Centroid 4 at node 41: 8 14 21 25 37 40 41 46 54 55 64 72 73 
1 - Orders 	= 8270
2 - Customers 	= 26974
3 - Radius 	= 141.76
4 - Distant 	= 899.071
Centroid 5 at node 6: 4 6 11 15 27 29 47 51 57 63 66 67 71 
1 - Orders 	= 8253
2 - Customers 	= 27274
3 - Radius 	= 204.17
4 - Distant 	= 1159.76
Centroid 6 at node 39: 2 3 16 32 33 34 38 39 50 59 61 69 70 80 
1 - Orders 	= 8986
2 - Customers 	= 28636
3 - Radius 	= 155.443
4 - Distant 	= 1100.79
15.3896
6-th - attempt : Success !
