Accepted Range of orders for each territory : 8466.52 8483.48
Accepted Range of customers for each territory : 26307.4 29076.6
Centroid 1 at node 4: 4 6 24 35 41 44 57 58 59 62 66 68 75 78 
1 - Orders 	= 8911
2 - Customers 	= 28672
3 - Radius 	= 142.85
4 - Distant 	= 994.069
Centroid 2 at node 8: 5 8 10 11 15 20 22 23 29 33 46 53 80 
1 - Orders 	= 8260
2 - Customers 	= 26970
3 - Radius 	= 140.895
4 - Distant 	= 1162.03
Centroid 3 at node 61: 3 13 14 16 17 31 38 42 51 61 63 69 71 
1 - Orders 	= 8287
2 - Customers 	= 27329
3 - Radius 	= 114.246
4 - Distant 	= 876.302
Centroid 4 at node 47: 12 18 26 30 40 45 47 52 72 73 74 76 77 
1 - Orders 	= 8201
2 - Customers 	= 26828
3 - Radius 	= 165.679
4 - Distant 	= 1036.57
Centroid 5 at node 50: 2 7 19 21 28 32 34 36 37 48 50 54 55 65 
1 - Orders 	= 8796
2 - Customers 	= 28989
3 - Radius 	= 159.852
4 - Distant 	= 913.262
Centroid 6 at node 56: 1 9 25 27 39 43 49 56 60 64 67 70 79 
1 - Orders 	= 8395
2 - Customers 	= 27364
3 - Radius 	= 195.055
4 - Distant 	= 1282.96
16.1462
1-st - attempt : Success !
