Accepted Range of orders for each territory : 8100.33 8953
Accepted Range of customers for each territory : 26288.7 29055.9
Centroid 1 at node 71: 4 7 17 19 23 28 30 36 48 57 68 71 73 
1 - Orders 	= 8338
2 - Customers 	= 26891
3 - Radius 	= 158.33
4 - Distant 	= 806.532
Centroid 2 at node 24: 6 14 18 21 24 27 37 40 45 56 60 64 66 
1 - Orders 	= 8295
2 - Customers 	= 26623
3 - Radius 	= 134.406
4 - Distant 	= 1081.72
Centroid 3 at node 32: 2 25 32 39 42 43 53 62 65 67 69 70 76 80 
1 - Orders 	= 8968
2 - Customers 	= 28841
3 - Radius 	= 173.758
4 - Distant 	= 1284.49
Centroid 4 at node 54: 1 5 26 31 41 44 46 47 49 51 52 54 61 
1 - Orders 	= 8384
2 - Customers 	= 27492
3 - Radius 	= 162.805
4 - Distant 	= 1078.44
Centroid 5 at node 75: 8 9 13 15 16 29 35 50 55 58 59 75 77 79 
1 - Orders 	= 8870
2 - Customers 	= 28789
3 - Radius 	= 170.248
4 - Distant 	= 1124.46
Centroid 6 at node 22: 3 10 11 12 20 22 33 34 38 63 72 74 78 
1 - Orders 	= 8305
2 - Customers 	= 27398
3 - Radius 	= 135.359
4 - Distant 	= 1248.14
19.0612
7-th - attempt : Success !
