Accepted Range of orders for each territory : 8118.07 8972.6
Accepted Range of customers for each territory : 26179.9 28935.7
Centroid 1 at node 27: 2 15 16 22 24 27 31 40 42 57 59 64 70 71 
1 - Orders 	= 8988
2 - Customers 	= 29045
3 - Radius 	= 163.573
4 - Distant 	= 1226.74
Centroid 2 at node 63: 1 3 12 17 19 28 38 41 43 55 58 63 67 68 
1 - Orders 	= 8828
2 - Customers 	= 28167
3 - Radius 	= 129.102
4 - Distant 	= 1005.43
Centroid 3 at node 48: 10 13 26 29 39 48 49 51 61 72 76 77 79 
1 - Orders 	= 8270
2 - Customers 	= 26511
3 - Radius 	= 109.377
4 - Distant 	= 959.162
Centroid 4 at node 9: 4 7 9 23 25 32 33 36 52 54 69 75 78 
1 - Orders 	= 8194
2 - Customers 	= 27007
3 - Radius 	= 138.357
4 - Distant 	= 1050.14
Centroid 5 at node 62: 6 8 18 20 21 35 37 44 47 50 56 62 65 
1 - Orders 	= 8490
2 - Customers 	= 27666
3 - Radius 	= 323.957
4 - Distant 	= 1821.77
Centroid 6 at node 73: 5 11 14 30 34 45 46 53 60 66 73 74 80 
1 - Orders 	= 8502
2 - Customers 	= 26951
3 - Radius 	= 187.548
4 - Distant 	= 1260.64
11.3066
