Accepted Range of orders for each territory : 8116.17 8970.5
Accepted Range of customers for each territory : 26455.4 29240.2
Centroid 1 at node 79: 5 7 35 44 47 51 55 59 63 67 69 71 79 
1 - Orders 	= 8312
2 - Customers 	= 27175
3 - Radius 	= 192.702
4 - Distant 	= 1178.01
Centroid 2 at node 18: 8 10 11 13 18 21 25 34 37 38 41 58 60 74 
1 - Orders 	= 8907
2 - Customers 	= 28617
3 - Radius 	= 182.717
4 - Distant 	= 1369.36
Centroid 3 at node 49: 1 2 3 4 6 17 20 30 31 33 49 50 80 
1 - Orders 	= 8384
2 - Customers 	= 27155
3 - Radius 	= 182.249
4 - Distant 	= 1230.06
Centroid 4 at node 78: 15 19 22 24 29 40 45 48 56 61 64 65 68 78 
1 - Orders 	= 8906
2 - Customers 	= 29167
3 - Radius 	= 134.429
4 - Distant 	= 786.621
Centroid 5 at node 26: 12 23 26 27 28 46 52 54 57 62 66 75 76 
1 - Orders 	= 8268
2 - Customers 	= 27356
3 - Radius 	= 168.687
4 - Distant 	= 1027.36
Centroid 6 at node 43: 9 14 16 32 36 39 42 43 53 70 72 73 77 
1 - Orders 	= 8483
2 - Customers 	= 27617
3 - Radius 	= 113.314
4 - Distant 	= 820.592
16.6371
4-th - attempt : Success !
