Accepted Range of orders for each territory : 8046.5 8893.5
Accepted Range of customers for each territory : 26293.3 29061
Centroid 1 at node 78: 2 3 14 25 29 31 37 46 63 68 74 75 78 
1 - Orders 	= 8064
2 - Customers 	= 26292
3 - Radius 	= 121.373
4 - Distant 	= 1045.78
Centroid 2 at node 28: 7 15 19 26 28 41 48 51 53 60 64 76 80 
1 - Orders 	= 8323
2 - Customers 	= 26923
3 - Radius 	= 122.519
4 - Distant 	= 1242.11
Centroid 3 at node 1: 1 5 12 23 36 38 49 52 55 56 57 71 77 
1 - Orders 	= 8194
2 - Customers 	= 26763
3 - Radius 	= 159.554
4 - Distant 	= 1194.52
Centroid 4 at node 45: 10 18 24 30 35 39 40 45 47 58 61 70 72 73 79 
1 - Orders 	= 9766
2 - Customers 	= 32385
3 - Radius 	= 202.054
4 - Distant 	= 1525.73
Centroid 5 at node 65: 4 6 8 13 21 32 33 54 59 62 65 67 69 
1 - Orders 	= 8173
2 - Customers 	= 26329
3 - Radius 	= 233.452
4 - Distant 	= 1289.66
Centroid 6 at node 66: 9 11 16 17 20 22 27 34 42 43 44 50 66 
1 - Orders 	= 8300
2 - Customers 	= 27371
3 - Radius 	= 113.103
4 - Distant 	= 944.766
15.6234
