Accepted Range of orders for each territory : 8104.77 8957.9
Accepted Range of customers for each territory : 26165.5 28919.8
Centroid 1 at node 57: 1 20 31 38 45 54 55 57 59 65 67 69 77 
1 - Orders 	= 8405
2 - Customers 	= 27202
3 - Radius 	= 159.054
4 - Distant 	= 1101.14
Centroid 2 at node 74: 8 14 21 24 26 33 34 35 36 46 74 78 80 
1 - Orders 	= 8331
2 - Customers 	= 26429
3 - Radius 	= 217.826
4 - Distant 	= 1292.35
Centroid 3 at node 32: 3 9 18 29 32 39 40 47 48 50 51 56 68 76 
1 - Orders 	= 8951
2 - Customers 	= 29043
3 - Radius 	= 188.312
4 - Distant 	= 1173.95
Centroid 4 at node 10: 4 10 11 15 22 37 41 49 53 58 61 70 72 
1 - Orders 	= 8390
2 - Customers 	= 27236
3 - Radius 	= 115.211
4 - Distant 	= 819.185
Centroid 5 at node 63: 6 12 13 19 23 27 42 43 60 62 63 64 66 71 
1 - Orders 	= 8898
2 - Customers 	= 28675
3 - Radius 	= 125.478
4 - Distant 	= 875.872
Centroid 6 at node 25: 2 5 7 16 17 25 28 30 44 52 73 75 79 
1 - Orders 	= 8213
2 - Customers 	= 26671
3 - Radius 	= 171.829
4 - Distant 	= 1206.18
14.8505
1-st - attempt : Success !
