Accepted Range of orders for each territory : 5372.04 5937.52
Accepted Range of customers for each territory : 17468.6 19307.4
Centroid 1 at node 119: 4 17 20 25 27 30 43 63 64 70 76 77 91 102 119 143 
 Orders = 5544   Customers = 18431
Centroid 2 at node 32: 1 6 32 37 59 69 71 72 90 97 99 104 114 137 140 146 
 Orders = 5508   Customers = 18056
Centroid 3 at node 55: 13 22 31 34 51 53 55 58 78 93 95 96 100 107 124 130 134 
 Orders = 5805   Customers = 18965
Centroid 4 at node 148: 3 10 15 26 60 61 65 67 84 85 89 123 135 145 148 150 
 Orders = 5444   Customers = 17803
Centroid 5 at node 141: 7 16 38 39 48 50 73 75 81 92 113 122 126 133 136 141 149 
 Orders = 5796   Customers = 18407
Centroid 6 at node 129: 8 9 12 41 56 68 74 82 86 103 105 125 128 129 132 138 147 
 Orders = 5664   Customers = 18047
Centroid 7 at node 33: 2 28 33 46 47 54 79 80 88 94 98 110 112 116 117 118 142 
 Orders = 5676   Customers = 18465
Centroid 8 at node 111: 11 18 19 21 24 29 35 40 57 62 83 108 109 111 120 127 131 
 Orders = 5780   Customers = 18781
Centroid 9 at node 139: 5 14 23 36 42 44 45 49 52 66 87 101 106 115 121 139 144 
 Orders = 5676   Customers = 18537
24.6092