Accepted Range of orders for each territory : 5320.84 5880.93
Accepted Range of customers for each territory : 17388.4 19218.7
Centroid 1 at node 25: 13 25 30 32 33 37 53 60 85 87 121 131 135 140 144 150 
 Orders = 5416   Customers = 17773
Centroid 2 at node 79: 2 5 29 40 50 73 75 77 78 79 91 92 104 109 132 139 141 
 Orders = 5682   Customers = 18647
Centroid 3 at node 51: 4 14 34 42 51 56 68 80 83 114 117 118 120 136 149 
 Orders = 5219   Customers = 16629
Centroid 4 at node 88: 8 18 21 27 41 46 48 59 82 88 90 95 100 111 122 127 138 
 Orders = 5807   Customers = 19208
Centroid 5 at node 71: 19 22 26 39 44 54 65 70 71 98 101 103 107 110 116 123 146 
 Orders = 5580   Customers = 18029
Centroid 6 at node 84: 3 6 24 57 58 63 67 69 72 84 86 96 99 105 108 115 124 137 148 
 Orders = 6225   Customers = 20093
Centroid 7 at node 9: 9 15 17 23 43 49 76 81 93 94 112 113 126 130 145 147 
 Orders = 5556   Customers = 18073
Centroid 8 at node 134: 1 10 11 16 20 28 31 45 62 102 106 119 125 133 134 143 
 Orders = 5399   Customers = 17752
Centroid 9 at node 66: 7 12 35 36 38 47 52 55 61 64 66 74 89 97 128 129 142 
 Orders = 5524   Customers = 18528
22.282