Accepted Range of orders for each territory : 5354.41 5918.03
Accepted Range of customers for each territory : 17412.1 19245
Centroid 1 at node 132: 2 9 13 31 48 67 82 83 89 95 111 113 115 116 132 142 
 Orders = 5504   Customers = 17412
Centroid 2 at node 124: 8 25 33 49 50 54 64 65 69 79 90 91 124 128 147 149 
 Orders = 5386   Customers = 17428
Centroid 3 at node 105: 1 20 32 38 45 47 58 61 84 85 93 94 97 105 118 127 131 134 
 Orders = 5924   Customers = 19453
Centroid 4 at node 81: 19 35 39 41 53 59 72 78 81 92 100 101 107 130 133 135 
 Orders = 5575   Customers = 18110
Centroid 5 at node 138: 4 6 15 16 18 22 46 56 75 99 103 106 114 125 138 146 
 Orders = 5433   Customers = 17458
Centroid 6 at node 144: 11 14 23 24 26 68 73 102 108 112 120 121 137 140 144 148 
 Orders = 5453   Customers = 17643
Centroid 7 at node 122: 5 7 10 34 37 40 43 52 62 63 66 76 122 123 129 150 
 Orders = 5411   Customers = 17560
Centroid 8 at node 80: 3 21 28 36 55 60 70 71 80 86 87 88 96 104 136 141 145 
 Orders = 5749   Customers = 19024
Centroid 9 at node 27: 12 17 27 29 30 42 44 51 57 74 77 98 109 110 117 119 126 139 143 
 Orders = 6291   Customers = 20869
25.3005