Accepted Range of orders for each territory : 5360.01 5924.22
Accepted Range of customers for each territory : 17385.4 19215.5
Centroid 1 at node 108: 6 35 36 40 61 62 66 67 76 77 90 94 108 128 136 144 
 Orders = 5384   Customers = 17823
Centroid 2 at node 103: 1 5 12 17 21 43 46 52 63 83 95 98 99 103 115 149 
 Orders = 5481   Customers = 18026
Centroid 3 at node 38: 3 4 20 26 29 38 39 42 44 45 48 57 65 75 93 102 131 145 146 
 Orders = 6408   Customers = 21061
Centroid 4 at node 13: 11 13 25 32 50 68 105 106 111 112 114 116 120 127 132 140 
 Orders = 5434   Customers = 17516
Centroid 5 at node 23: 8 10 15 16 23 30 54 69 70 85 92 107 110 123 139 147 
 Orders = 5411   Customers = 17389
Centroid 6 at node 22: 7 22 27 33 47 55 56 64 81 91 109 118 119 126 130 143 150 
 Orders = 5904   Customers = 19141
Centroid 7 at node 121: 2 9 18 19 28 34 53 79 87 100 113 121 122 124 125 135 142 
 Orders = 5641   Customers = 18162
Centroid 8 at node 88: 14 60 71 73 74 82 84 86 88 89 96 101 117 133 134 137 148 
 Orders = 5731   Customers = 18112
Centroid 9 at node 141: 24 31 37 41 49 51 58 59 72 78 80 97 104 129 138 141 
 Orders = 5385   Customers = 17474
22.4011