Accepted Range of orders for each territory : 3703.83 4093.71
Accepted Range of customers for each territory : 12035.5 13302.4
Centroid 1 at node 26: 15 26 41 45 50 70 107 110 111 115 117 135 155 
 Orders = 3520   Customers = 11678
Centroid 2 at node 176: 21 35 43 53 56 71 76 93 96 112 139 150 164 171 176 188 191 
 Orders = 4170   Customers = 13422
Centroid 3 at node 88: 1 32 64 88 90 94 95 101 103 113 116 127 132 149 160 
 Orders = 3765   Customers = 12301
Centroid 4 at node 73: 10 12 30 39 40 42 46 73 87 100 118 129 136 170 
 Orders = 3641   Customers = 12174
Centroid 5 at node 19: 17 19 58 79 97 124 140 141 153 177 181 183 197 199 
 Orders = 3694   Customers = 11688
Centroid 6 at node 3: 2 3 44 52 65 68 74 75 81 106 125 146 157 184 185 194 
 Orders = 3988   Customers = 12936
Centroid 7 at node 121: 4 5 7 20 25 54 82 86 121 134 137 138 182 196 198 
 Orders = 3950   Customers = 13195
Centroid 8 at node 13: 13 34 37 47 62 63 67 114 126 128 131 143 158 166 168 200 
 Orders = 4019   Customers = 12727
Centroid 9 at node 31: 6 9 22 31 38 85 119 151 154 159 172 179 180 190 193 
 Orders = 3822   Customers = 12211
Centroid 10 at node 173: 8 24 33 69 77 80 89 102 123 142 147 162 173 174 175 178 
 Orders = 4017   Customers = 12973
Centroid 11 at node 105: 18 23 28 61 99 105 120 130 144 145 148 165 167 186 189 192 
 Orders = 3950   Customers = 12970
Centroid 12 at node 78: 11 14 16 27 36 48 51 57 59 66 78 92 98 108 109 163 169 187 
 Orders = 4459   Customers = 14518
Centroid 13 at node 122: 29 49 55 60 72 83 84 91 104 122 133 152 156 161 195 
 Orders = 3689   Customers = 11903
32.1076