Accepted Range of orders for each territory : 3715.23 4106.31
Accepted Range of customers for each territory : 12110.4 13385.2
Centroid 1 at node 125: 5 11 47 62 71 83 91 95 109 119 123 125 129 162 168 177 184 198 
 Orders = 4661   Customers = 15102
Centroid 2 at node 61: 3 18 29 31 36 48 49 50 51 61 66 70 94 100 134 135 165 190 
 Orders = 4368   Customers = 14031
Centroid 3 at node 142: 22 27 30 60 65 104 105 114 117 136 142 175 197 
 Orders = 3197   Customers = 10467
Centroid 4 at node 115: 9 57 78 82 86 88 89 90 115 116 131 138 141 151 156 159 167 170 183 
 Orders = 4800   Customers = 15903
Centroid 5 at node 160: 1 17 43 58 73 101 110 144 145 150 154 160 171 
 Orders = 3397   Customers = 11307
Centroid 6 at node 96: 7 13 39 53 64 79 85 96 124 126 130 143 152 186 195 
 Orders = 3887   Customers = 12548
Centroid 7 at node 199: 19 25 40 56 69 92 181 185 192 196 199 
 Orders = 2967   Customers = 9721
Centroid 8 at node 166: 4 15 16 21 42 45 63 98 121 128 153 166 169 189 193 
 Orders = 3927   Customers = 12852
Centroid 9 at node 8: 2 8 33 37 67 80 84 118 127 132 137 148 149 161 188 
 Orders = 3800   Customers = 12264
Centroid 10 at node 111: 10 12 26 41 44 55 59 77 111 113 120 155 172 173 180 
 Orders = 3818   Customers = 12522
Centroid 11 at node 164: 23 24 34 35 38 52 74 103 106 112 139 158 164 176 191 
 Orders = 3792   Customers = 12430
Centroid 12 at node 28: 6 28 54 68 81 87 93 102 108 122 140 157 163 182 187 194 200 
 Orders = 4245   Customers = 13758
Centroid 13 at node 133: 14 20 32 46 72 75 76 97 99 107 133 146 147 174 178 179 
 Orders = 3981   Customers = 12816
29.4897