Accepted Range of orders for each territory : 3746.8 4141.2
Accepted Range of customers for each territory : 12080.1 13351.7
Centroid 1 at node 15: 6 15 37 42 48 56 74 98 105 114 116 117 119 148 155 165 197 
1 - Orders 	= 4522
2 - Customers 	= 14885
3 - Radius 	= 124.13
4 - Distant 	= 1231.59
Centroid 2 at node 45: 7 13 21 39 43 45 50 82 100 104 118 126 162 164 176 
1 - Orders 	= 3714
2 - Customers 	= 12334
3 - Radius 	= 148.441
4 - Distant 	= 1324.99
Centroid 3 at node 108: 5 22 46 58 66 81 87 90 94 102 108 131 136 160 163 169 
1 - Orders 	= 3984
2 - Customers 	= 13201
3 - Radius 	= 111.211
4 - Distant 	= 942.294
Centroid 4 at node 75: 2 17 33 75 79 106 142 144 152 167 172 175 177 183 185 
1 - Orders 	= 3782
2 - Customers 	= 12366
3 - Radius 	= 172.603
4 - Distant 	= 1641.58
Centroid 5 at node 83: 29 49 57 72 83 92 95 120 125 127 139 161 168 174 191 
1 - Orders 	= 3782
2 - Customers 	= 12126
3 - Radius 	= 174.406
4 - Distant 	= 1227.87
Centroid 6 at node 111: 24 26 31 64 84 103 111 123 137 143 149 153 156 179 
1 - Orders 	= 3865
2 - Customers 	= 12497
3 - Radius 	= 272.742
4 - Distant 	= 1593.17
Centroid 7 at node 135: 3 9 30 52 70 78 97 113 124 132 135 138 150 151 189 198 200 
1 - Orders 	= 4524
2 - Customers 	= 14351
3 - Radius 	= 159.718
4 - Distant 	= 1409.23
Centroid 8 at node 62: 40 59 62 76 77 91 134 159 171 180 182 184 187 190 193 194 
1 - Orders 	= 4002
2 - Customers 	= 12910
3 - Radius 	= 266.075
4 - Distant 	= 1604.12
Centroid 9 at node 32: 1 19 25 32 65 73 86 89 109 112 122 128 129 154 181 199 
1 - Orders 	= 4007
2 - Customers 	= 12526
3 - Radius 	= 127.669
4 - Distant 	= 933.692
Centroid 10 at node 99: 14 18 23 41 53 60 69 80 88 99 107 133 146 158 
1 - Orders 	= 3794
2 - Customers 	= 12342
3 - Radius 	= 146.453
4 - Distant 	= 994.69
Centroid 11 at node 110: 10 34 38 47 101 110 121 130 140 157 170 186 188 192 196 
1 - Orders 	= 3799
2 - Customers 	= 11819
3 - Radius 	= 198.403
4 - Distant 	= 841.021
Centroid 12 at node 12: 4 8 12 27 35 51 61 71 85 96 115 141 145 147 166 173 
1 - Orders 	= 3983
2 - Customers 	= 12692
3 - Radius 	= 134.121
4 - Distant 	= 1318.31
Centroid 13 at node 20: 11 16 20 28 36 44 54 55 63 67 68 93 178 195 
1 - Orders 	= 3514
2 - Customers 	= 11258
3 - Radius 	= 140.308
4 - Distant 	= 1028.34
29.7705
