Accepted Range of orders for each territory : 3726.78 4119.07
Accepted Range of customers for each territory : 12079.6 13351.2
Centroid 1 at node 150: 16 64 65 67 75 78 85 100 103 110 139 150 153 161 185 196 
 Orders = 4095   Customers = 13104
Centroid 2 at node 107: 15 31 46 50 74 82 95 107 113 116 126 141 157 169 179 181 198 
 Orders = 4326   Customers = 13802
Centroid 3 at node 136: 27 47 62 87 90 108 114 117 120 136 144 151 174 178 
 Orders = 3441   Customers = 11322
Centroid 4 at node 36: 25 33 36 37 43 49 53 54 57 97 125 137 138 143 180 183 
 Orders = 3989   Customers = 12894
Centroid 5 at node 34: 2 28 34 40 70 76 112 132 134 135 140 142 156 164 192 
 Orders = 3952   Customers = 13195
Centroid 6 at node 149: 1 4 14 20 79 84 105 109 149 152 166 168 171 200 
 Orders = 3617   Customers = 11920
Centroid 7 at node 129: 8 18 19 44 51 56 72 86 89 96 118 124 129 130 131 155 162 163 199 
 Orders = 4917   Customers = 15800
Centroid 8 at node 122: 17 21 60 63 83 99 122 128 148 158 175 195 197 
 Orders = 3475   Customers = 11318
Centroid 9 at node 189: 3 22 26 38 55 61 68 69 73 81 92 102 159 160 189 191 
 Orders = 3852   Customers = 12417
Centroid 10 at node 127: 12 24 30 48 77 80 101 106 111 127 154 170 184 190 194 
 Orders = 3804   Customers = 12768
Centroid 11 at node 93: 5 7 9 29 42 45 52 66 93 119 145 165 172 188 
 Orders = 3653   Customers = 11740
Centroid 12 at node 187: 35 71 94 98 104 121 123 133 146 147 176 177 186 187 193 
 Orders = 3870   Customers = 12166
Centroid 13 at node 167: 6 10 11 13 23 32 39 41 58 59 88 91 115 167 173 182 
 Orders = 4007   Customers = 12854
22.5605