Accepted Range of orders for each territory : 3705.95 4096.05
Accepted Range of customers for each territory : 12115.4 13390.6
Centroid 1 at node 199: 1 11 34 37 42 52 62 73 103 117 159 180 195 199 
1 - Orders 	= 3607
2 - Customers 	= 11936
3 - Radius 	= 129.106
4 - Distant 	= 688.271
Centroid 2 at node 127: 38 55 60 61 68 74 78 85 111 114 119 124 127 143 153 162 168 176 194 
1 - Orders 	= 4715
2 - Customers 	= 15248
3 - Radius 	= 204.143
4 - Distant 	= 1536.58
Centroid 3 at node 58: 12 15 18 58 75 76 84 87 89 95 100 115 130 138 142 163 173 185 197 
1 - Orders 	= 4772
2 - Customers 	= 15702
3 - Radius 	= 158.951
4 - Distant 	= 1231.48
Centroid 4 at node 32: 4 32 49 54 56 66 104 105 107 126 139 147 182 192 198 
1 - Orders 	= 3837
2 - Customers 	= 12710
3 - Radius 	= 159.003
4 - Distant 	= 932.841
Centroid 5 at node 200: 5 6 13 20 24 25 40 67 77 82 83 97 99 109 149 184 200 
1 - Orders 	= 4485
2 - Customers 	= 14694
3 - Radius 	= 256.708
4 - Distant 	= 1696.49
Centroid 6 at node 137: 31 43 47 70 120 128 134 137 144 164 166 170 186 196 
1 - Orders 	= 3724
2 - Customers 	= 12347
3 - Radius 	= 145.658
4 - Distant 	= 1029.5
Centroid 7 at node 69: 16 30 53 69 108 129 133 135 167 188 
1 - Orders 	= 2655
2 - Customers 	= 8492
3 - Radius 	= 189.346
4 - Distant 	= 1009
Centroid 8 at node 175: 14 63 71 80 81 86 102 110 116 123 125 156 157 174 175 
1 - Orders 	= 3738
2 - Customers 	= 12273
3 - Radius 	= 106.881
4 - Distant 	= 719.971
Centroid 9 at node 90: 3 17 19 29 64 72 79 90 94 106 118 121 150 178 187 
1 - Orders 	= 3721
2 - Customers 	= 12325
3 - Radius 	= 138.983
4 - Distant 	= 1045.92
Centroid 10 at node 28: 2 9 23 28 36 45 46 59 92 93 101 122 146 161 190 
1 - Orders 	= 3699
2 - Customers 	= 12127
3 - Radius 	= 102.534
4 - Distant 	= 875.361
Centroid 11 at node 51: 10 26 27 33 35 48 51 96 98 113 131 151 165 169 177 179 
1 - Orders 	= 3877
2 - Customers 	= 12474
3 - Radius 	= 167.328
4 - Distant 	= 1280.11
Centroid 12 at node 158: 8 39 50 57 65 88 91 112 145 155 158 171 172 189 
1 - Orders 	= 3513
2 - Customers 	= 11131
3 - Radius 	= 195.13
4 - Distant 	= 1141.04
Centroid 13 at node 22: 7 21 22 41 44 132 136 140 141 148 152 154 160 181 183 191 193 
1 - Orders 	= 4370
2 - Customers 	= 14330
3 - Radius 	= 160.681
4 - Distant 	= 1292
29.0624
