Accepted Range of orders for each territory : 3736.93 4130.3
Accepted Range of customers for each territory : 12167.4 13448.2
Centroid 1 at node 51: 2 16 51 83 93 97 98 102 111 130 148 149 151 167 176 
 Orders = 3804   Customers = 12405
Centroid 2 at node 10: 6 10 12 13 63 72 77 79 87 143 156 157 172 173 175 
 Orders = 3775   Customers = 12159
Centroid 3 at node 109: 34 41 81 108 109 117 122 127 161 170 179 199 200 
 Orders = 3200   Customers = 10422
Centroid 4 at node 96: 7 9 58 60 65 69 96 113 118 135 138 147 150 158 162 168 186 
 Orders = 4462   Customers = 14655
Centroid 5 at node 126: 1 43 52 53 61 67 82 84 94 99 112 126 129 137 154 181 184 
 Orders = 4522   Customers = 14777
Centroid 6 at node 100: 11 55 59 64 85 100 121 123 139 145 178 185 194 197 198 
 Orders = 3861   Customers = 12459
Centroid 7 at node 174: 37 57 66 68 95 105 114 116 131 142 171 174 188 189 196 
 Orders = 3711   Customers = 12115
Centroid 8 at node 166: 8 20 23 25 28 35 42 46 76 91 107 128 136 140 163 166 
 Orders = 4167   Customers = 13824
Centroid 9 at node 4: 4 15 21 33 39 74 119 124 141 164 165 169 182 
 Orders = 3405   Customers = 11070
Centroid 10 at node 183: 5 17 29 36 40 44 48 54 88 104 115 125 134 152 160 177 183 
 Orders = 4324   Customers = 14273
Centroid 11 at node 62: 3 22 45 47 49 50 56 62 70 71 73 89 103 146 159 180 192 195 
 Orders = 4461   Customers = 14471
Centroid 12 at node 19: 14 19 26 27 30 38 75 101 106 110 132 133 190 193 
 Orders = 3595   Customers = 11585
Centroid 13 at node 92: 18 24 31 32 78 80 86 90 92 120 144 153 155 187 191 
 Orders = 3850   Customers = 12286
29.0558