Accepted Range of orders for each territory : 4056.66 4483.68
Accepted Range of customers for each territory : 13207.5 14597.8
Centroid 1 at node 229: 3 9 32 35 43 49 55 60 68 77 82 91 117 131 145 148 181 202 218 229 231 242 245 256 283 316 347 348 352 359 394 416 417 420 426 437 444 466 477 486 493 
 Orders = 4134   Customers = 13394
Centroid 2 at node 427: 11 30 34 66 75 80 99 111 121 146 151 156 160 163 171 173 188 213 221 223 226 263 264 289 306 321 353 356 367 368 389 413 421 427 428 430 432 438 441 445 468 
 Orders = 4383   Customers = 14085
Centroid 3 at node 201: 27 42 47 53 54 71 76 86 101 132 166 193 194 200 201 215 238 240 257 268 275 288 291 292 315 317 318 334 340 350 358 369 374 382 393 396 408 409 425 451 460 461 481 482 496 498 
 Orders = 4609   Customers = 15048
Centroid 4 at node 297: 2 4 28 29 89 98 105 114 123 134 142 152 162 165 172 175 185 195 199 211 214 224 243 276 278 286 297 305 330 339 354 361 384 388 397 402 403 404 407 415 419 433 455 464 478 479 491 
 Orders = 4696   Customers = 15368
Centroid 5 at node 270: 16 18 22 38 51 72 83 96 112 133 167 184 210 228 235 262 266 270 271 302 307 328 341 360 379 380 391 443 448 452 453 456 467 490 500 
 Orders = 3780   Customers = 12566
Centroid 6 at node 147: 17 33 39 45 64 103 107 109 119 147 168 174 207 209 230 234 248 254 277 287 308 311 313 357 377 401 423 424 440 459 463 465 476 485 494 
 Orders = 3711   Customers = 12065
Centroid 7 at node 126: 23 36 56 65 92 104 126 128 130 157 205 206 212 239 244 269 279 303 332 343 351 365 370 375 439 470 488 492 497 
 Orders = 3250   Customers = 10606
Centroid 8 at node 136: 6 7 19 21 24 25 59 63 70 84 95 108 110 115 125 129 136 164 170 176 189 191 203 204 216 227 255 274 281 295 300 312 314 323 331 342 355 362 364 372 373 381 392 400 411 442 449 458 489 
 Orders = 4818   Customers = 15811
Centroid 9 at node 250: 14 40 41 46 52 57 58 61 67 78 85 137 141 143 149 159 161 179 186 192 197 198 222 237 246 250 251 267 282 285 301 309 320 324 333 335 338 345 366 376 378 386 414 429 454 462 469 475 480 
 Orders = 4888   Customers = 15950
Centroid 10 at node 10: 5 10 15 20 37 62 74 88 100 154 155 187 190 225 233 241 249 252 259 261 265 272 290 298 304 325 327 329 337 344 349 363 371 385 390 431 436 447 450 457 473 483 484 495 499 
 Orders = 4570   Customers = 14757
Centroid 11 at node 346: 1 8 12 13 26 31 44 48 87 90 94 97 106 124 135 138 139 140 144 158 169 178 180 232 236 247 253 258 294 296 299 310 319 322 336 346 383 395 398 406 418 422 435 446 472 474 487 
 Orders = 4949   Customers = 16090
Centroid 12 at node 280: 50 69 73 79 81 93 102 113 116 118 120 122 127 150 153 177 182 183 196 208 217 219 220 260 273 280 284 293 326 387 399 405 410 412 434 471 
 Orders = 3454   Customers = 11092
88.0074