Accepted Range of orders for each territory : 12046 13314
Accepted Range of customers for each territory : 39153.8 43275.2
Centroid 1 at node 5: 1 5 8 13 15 16 17 20 32 34 37 38 39 44 50 
1 - Orders 	= 12761
2 - Customers 	= 41668
3 - Radius 	= 186.048
4 - Distant 	= 1232.37
Centroid 2 at node 2: 2 9 22 24 29 33 35 36 43 46 52 53 54 55 58 
1 - Orders 	= 12650
2 - Customers 	= 41456
3 - Radius 	= 178.912
4 - Distant 	= 1593.81
Centroid 3 at node 11: 3 7 11 19 21 26 28 42 45 47 49 51 56 57 59 
1 - Orders 	= 12756
2 - Customers 	= 40934
3 - Radius 	= 170.25
4 - Distant 	= 1383
Centroid 4 at node 40: 4 6 10 12 14 18 23 25 27 30 31 40 41 48 60 
1 - Orders 	= 12553
2 - Customers 	= 40800
3 - Radius 	= 214.091
4 - Distant 	= 1357.21
5566.39 - 0 - 23.4001
