Accepted Range of orders for each territory : 12072.4 13343.1
Accepted Range of customers for each territory : 39403.6 43551.4
Centroid 1 at node 30: 1 4 6 15 16 17 27 30 31 33 39 40 44 46 48 
1 - Orders 	= 12840
2 - Customers 	= 41533
3 - Radius 	= 192.395
4 - Distant 	= 1650.63
Centroid 2 at node 38: 2 20 26 29 34 36 37 38 41 42 43 53 54 57 58 
1 - Orders 	= 12530
2 - Customers 	= 41283
3 - Radius 	= 134.477
4 - Distant 	= 1294.93
Centroid 3 at node 45: 3 5 7 8 10 11 13 14 24 25 28 45 47 52 59 
1 - Orders 	= 12803
2 - Customers 	= 41915
3 - Radius 	= 140.777
4 - Distant 	= 1281.68
Centroid 4 at node 12: 9 12 18 19 21 22 23 32 35 49 50 51 55 56 60 
1 - Orders 	= 12658
2 - Customers 	= 41179
3 - Radius 	= 182.891
4 - Distant 	= 1598.63
5825.87 - 0 - 27.2526
